2015-05-13 10:28:46,530 INFO: weblab aquarium startup [in /home/gabi/Web programing/Flask/aquarium/app/__init__.py:27]
2015-05-13 10:29:05,614 INFO: weblab aquarium startup [in /home/gabi/Web programing/Flask/aquarium/app/__init__.py:27]
2015-05-13 14:49:18,102 INFO: weblab aquarium startup [in /home/gabi/Web programing/Flask/aquarium/app/__init__.py:27]
2015-05-13 14:49:18,310 INFO: weblab aquarium startup [in /home/gabi/Web programing/Flask/aquarium/app/__init__.py:27]
2015-05-13 14:51:39,539 INFO: weblab aquarium startup [in /home/gabi/Web programing/Flask/aquarium/app/__init__.py:27]
2015-05-13 14:51:39,752 INFO: weblab aquarium startup [in /home/gabi/Web programing/Flask/aquarium/app/__init__.py:27]
2015-05-13 14:53:01,980 INFO: weblab aquarium startup [in /home/gabi/Web programing/Flask/aquarium/app/__init__.py:27]
2015-05-13 14:53:02,194 INFO: weblab aquarium startup [in /home/gabi/Web programing/Flask/aquarium/app/__init__.py:27]
2015-05-13 18:00:42,109 INFO: weblab aquarium startup [in /home/gabi/Web programing/Flask/aquarium/app/__init__.py:27]
2015-05-13 18:00:43,982 INFO: weblab aquarium startup [in /home/gabi/Web programing/Flask/aquarium/app/__init__.py:27]
2015-05-13 18:15:25,410 INFO: weblab aquarium startup [in /home/gabi/Web programing/Flask/aquarium/app/__init__.py:27]
2015-05-13 18:15:25,621 INFO: weblab aquarium startup [in /home/gabi/Web programing/Flask/aquarium/app/__init__.py:27]
2015-05-13 18:17:03,722 INFO: weblab aquarium startup [in /home/gabi/Web programing/Flask/aquarium/app/__init__.py:27]
2015-05-13 18:17:04,983 INFO: weblab aquarium startup [in /home/gabi/Web programing/Flask/aquarium/app/__init__.py:27]
2015-05-13 18:18:05,865 INFO: weblab aquarium startup [in /home/gabi/Web programing/Flask/aquarium/app/__init__.py:27]
2015-05-13 18:18:06,077 INFO: weblab aquarium startup [in /home/gabi/Web programing/Flask/aquarium/app/__init__.py:27]
2015-05-13 18:56:08,935 INFO: weblab aquarium startup [in /home/gabi/Web programing/Flask/aquarium/app/__init__.py:27]
2015-05-13 18:56:09,147 INFO: weblab aquarium startup [in /home/gabi/Web programing/Flask/aquarium/app/__init__.py:27]
2015-05-13 19:00:23,712 INFO: weblab aquarium startup [in /home/gabi/Web programing/Flask/aquarium/app/__init__.py:27]
2015-05-13 19:00:23,927 INFO: weblab aquarium startup [in /home/gabi/Web programing/Flask/aquarium/app/__init__.py:27]
2015-05-13 20:22:56,839 INFO: weblab aquarium startup [in /home/gabi/Web programing/Flask/aquarium/app/__init__.py:27]
2015-05-13 20:22:58,720 INFO: weblab aquarium startup [in /home/gabi/Web programing/Flask/aquarium/app/__init__.py:27]
2015-05-13 20:27:20,152 INFO: weblab aquarium startup [in /home/gabi/Web programing/Flask/aquarium/app/__init__.py:27]
2015-05-13 20:27:20,368 INFO: weblab aquarium startup [in /home/gabi/Web programing/Flask/aquarium/app/__init__.py:27]
2015-05-13 20:30:08,362 INFO: weblab aquarium startup [in /home/gabi/Web programing/Flask/aquarium/app/__init__.py:27]
2015-05-13 20:30:08,577 INFO: weblab aquarium startup [in /home/gabi/Web programing/Flask/aquarium/app/__init__.py:27]
2015-05-13 20:31:06,093 INFO: weblab aquarium startup [in /home/gabi/Web programing/Flask/aquarium/app/__init__.py:27]
2015-05-13 20:31:06,326 INFO: weblab aquarium startup [in /home/gabi/Web programing/Flask/aquarium/app/__init__.py:27]
2015-05-13 22:45:23,419 INFO: weblab aquarium startup [in /home/gabi/Web programing/Flask/aquarium/app/__init__.py:27]
2015-05-13 22:50:21,391 INFO: weblab aquarium startup [in /home/gabi/Web programing/Flask/aquarium/app/__init__.py:27]
2015-05-13 22:50:21,606 INFO: weblab aquarium startup [in /home/gabi/Web programing/Flask/aquarium/app/__init__.py:27]
2015-05-13 22:50:45,493 INFO: weblab aquarium startup [in /home/gabi/Web programing/Flask/aquarium/app/__init__.py:27]
2015-05-13 22:51:03,707 INFO: weblab aquarium startup [in /home/gabi/Web programing/Flask/aquarium/app/__init__.py:27]
2015-05-13 22:51:03,920 INFO: weblab aquarium startup [in /home/gabi/Web programing/Flask/aquarium/app/__init__.py:27]
2015-05-13 22:52:40,508 INFO: weblab aquarium startup [in /home/gabi/Web programing/Flask/aquarium/app/__init__.py:27]
2015-05-13 22:52:43,473 INFO: weblab aquarium startup [in /home/gabi/Web programing/Flask/aquarium/app/__init__.py:27]
2015-05-13 22:52:43,684 INFO: weblab aquarium startup [in /home/gabi/Web programing/Flask/aquarium/app/__init__.py:27]
2015-05-13 22:55:23,314 INFO: weblab aquarium startup [in /home/gabi/Web programing/Flask/aquarium/app/__init__.py:27]
2015-05-13 22:55:23,526 INFO: weblab aquarium startup [in /home/gabi/Web programing/Flask/aquarium/app/__init__.py:27]
2015-05-13 23:10:12,796 INFO: weblab aquarium startup [in /home/gabi/Web programing/Flask/aquarium/app/__init__.py:27]
2015-05-13 23:10:13,013 INFO: weblab aquarium startup [in /home/gabi/Web programing/Flask/aquarium/app/__init__.py:27]
2015-05-13 23:20:17,890 INFO: weblab aquarium startup [in /home/gabi/Web programing/Flask/aquarium/app/__init__.py:27]
2015-05-14 07:59:22,741 INFO: weblab aquarium startup [in /home/gabi/Web programing/Flask/aquarium/app/__init__.py:27]
2015-05-14 07:59:24,424 INFO: weblab aquarium startup [in /home/gabi/Web programing/Flask/aquarium/app/__init__.py:27]
2015-05-14 09:01:29,964 INFO: weblab aquarium startup [in /home/gabi/Web programing/Flask/aquarium/app/__init__.py:27]
2015-05-14 09:01:31,219 INFO: weblab aquarium startup [in /home/gabi/Web programing/Flask/aquarium/app/__init__.py:27]
2015-05-14 09:02:47,268 INFO: weblab aquarium startup [in /home/gabi/Web programing/Flask/aquarium/app/__init__.py:27]
2015-05-14 09:06:52,844 INFO: weblab aquarium startup [in /home/gabi/Web programing/Flask/aquarium/app/__init__.py:27]
2015-05-14 09:06:56,794 INFO: weblab aquarium startup [in /home/gabi/Web programing/Flask/aquarium/app/__init__.py:27]
2015-05-14 09:06:57,006 INFO: weblab aquarium startup [in /home/gabi/Web programing/Flask/aquarium/app/__init__.py:27]
2015-05-14 09:07:38,621 INFO: weblab aquarium startup [in /home/gabi/Web programing/Flask/aquarium/app/__init__.py:27]
2015-05-14 09:07:42,901 INFO: weblab aquarium startup [in /home/gabi/Web programing/Flask/aquarium/app/__init__.py:27]
2015-05-14 09:07:46,189 INFO: weblab aquarium startup [in /home/gabi/Web programing/Flask/aquarium/app/__init__.py:27]
2015-05-14 09:07:47,443 INFO: weblab aquarium startup [in /home/gabi/Web programing/Flask/aquarium/app/__init__.py:27]
2015-05-14 09:07:50,708 INFO: weblab aquarium startup [in /home/gabi/Web programing/Flask/aquarium/app/__init__.py:27]
2015-05-14 09:08:02,818 INFO: weblab aquarium startup [in /home/gabi/Web programing/Flask/aquarium/app/__init__.py:27]
2015-05-14 09:08:06,174 INFO: weblab aquarium startup [in /home/gabi/Web programing/Flask/aquarium/app/__init__.py:27]
2015-05-14 09:08:06,386 INFO: weblab aquarium startup [in /home/gabi/Web programing/Flask/aquarium/app/__init__.py:27]
2015-05-14 09:08:55,117 INFO: weblab aquarium startup [in /home/gabi/Web programing/Flask/aquarium/app/__init__.py:27]
2015-05-14 09:10:42,863 INFO: weblab aquarium startup [in app/__init__.py:27]
2015-05-14 09:16:09,352 INFO: weblab aquarium startup [in /home/gabi/Web programing/Flask/aquarium/app/__init__.py:27]
2015-05-14 09:16:10,604 INFO: weblab aquarium startup [in /home/gabi/Web programing/Flask/aquarium/app/__init__.py:27]
2015-05-14 09:16:53,268 INFO: weblab aquarium startup [in /home/gabi/Web programing/Flask/aquarium/app/__init__.py:27]
2015-05-15 13:06:56,800 INFO: weblab aquarium startup [in /home/gabi/Web programing/Flask/aquarium/app/__init__.py:27]
2015-05-15 13:06:57,204 INFO: weblab aquarium startup [in /home/gabi/Web programing/Flask/aquarium/app/__init__.py:27]
2015-05-15 13:10:24,386 INFO: weblab aquarium startup [in /home/gabi/Web programing/Flask/aquarium/app/__init__.py:27]
2015-05-15 13:10:27,762 INFO: weblab aquarium startup [in /home/gabi/Web programing/Flask/aquarium/app/__init__.py:27]
2015-05-15 13:10:27,971 INFO: weblab aquarium startup [in /home/gabi/Web programing/Flask/aquarium/app/__init__.py:27]
2015-05-15 13:41:20,833 INFO: weblab aquarium startup [in /home/gabi/Web programing/Flask/aquarium/app/__init__.py:27]
2015-05-15 13:41:45,001 INFO: weblab aquarium startup [in /home/gabi/Web programing/Flask/aquarium/app/__init__.py:27]
2015-05-15 13:41:45,205 INFO: weblab aquarium startup [in /home/gabi/Web programing/Flask/aquarium/app/__init__.py:27]
2015-05-15 14:07:50,100 INFO: weblab aquarium startup [in /home/gabi/Web programing/Flask/aquarium/app/__init__.py:27]
2015-05-15 14:11:09,086 INFO: weblab aquarium startup [in /home/gabi/Web programing/Flask/aquarium/app/__init__.py:27]
2015-05-15 14:12:12,937 INFO: weblab aquarium startup [in /home/gabi/Web programing/Flask/aquarium/app/__init__.py:27]
2015-05-15 14:13:09,375 INFO: weblab aquarium startup [in /home/gabi/Web programing/Flask/aquarium/app/__init__.py:27]
2015-05-15 14:18:10,102 INFO: weblab aquarium startup [in /home/gabi/Web programing/Flask/aquarium/app/__init__.py:27]
2015-05-15 14:19:49,645 INFO: weblab aquarium startup [in /home/gabi/Web programing/Flask/aquarium/app/__init__.py:27]
2015-05-15 14:21:53,915 INFO: weblab aquarium startup [in /home/gabi/Web programing/Flask/aquarium/app/__init__.py:27]
2015-05-15 14:23:22,166 INFO: weblab aquarium startup [in /home/gabi/Web programing/Flask/aquarium/app/__init__.py:27]
2015-05-15 14:23:22,381 INFO: weblab aquarium startup [in /home/gabi/Web programing/Flask/aquarium/app/__init__.py:27]
2015-05-15 14:24:56,521 INFO: weblab aquarium startup [in /home/gabi/Web programing/Flask/aquarium/app/__init__.py:27]
2015-05-15 14:24:56,733 INFO: weblab aquarium startup [in /home/gabi/Web programing/Flask/aquarium/app/__init__.py:27]
2015-05-15 14:26:15,612 INFO: weblab aquarium startup [in /home/gabi/Web programing/Flask/aquarium/app/__init__.py:27]
2015-05-15 14:26:15,826 INFO: weblab aquarium startup [in /home/gabi/Web programing/Flask/aquarium/app/__init__.py:27]
2015-05-15 14:27:49,789 INFO: weblab aquarium startup [in /home/gabi/Web programing/Flask/aquarium/app/__init__.py:27]
2015-05-15 14:27:50,002 INFO: weblab aquarium startup [in /home/gabi/Web programing/Flask/aquarium/app/__init__.py:27]
2015-05-15 14:30:46,714 INFO: weblab aquarium startup [in /home/gabi/Web programing/Flask/aquarium/app/__init__.py:27]
2015-05-15 14:30:46,926 INFO: weblab aquarium startup [in /home/gabi/Web programing/Flask/aquarium/app/__init__.py:27]
2015-05-15 14:32:37,280 INFO: weblab aquarium startup [in /home/gabi/Web programing/Flask/aquarium/app/__init__.py:27]
2015-05-15 14:32:37,489 INFO: weblab aquarium startup [in /home/gabi/Web programing/Flask/aquarium/app/__init__.py:27]
2015-05-15 14:35:52,066 INFO: weblab aquarium startup [in /home/gabi/Web programing/Flask/aquarium/app/__init__.py:27]
2015-05-15 14:35:52,274 INFO: weblab aquarium startup [in /home/gabi/Web programing/Flask/aquarium/app/__init__.py:27]
2015-05-15 14:46:44,582 INFO: weblab aquarium startup [in /home/gabi/Web programing/Flask/aquarium/app/__init__.py:27]
2015-05-15 14:50:23,005 INFO: weblab aquarium startup [in /home/gabi/Web programing/Flask/aquarium/app/__init__.py:27]
2015-05-15 14:50:23,221 INFO: weblab aquarium startup [in /home/gabi/Web programing/Flask/aquarium/app/__init__.py:27]
2015-05-15 15:27:19,549 INFO: weblab aquarium startup [in /home/gabi/Web programing/Flask/aquarium/app/__init__.py:27]
2015-05-15 15:27:20,797 INFO: weblab aquarium startup [in /home/gabi/Web programing/Flask/aquarium/app/__init__.py:27]
2015-05-15 15:35:19,464 INFO: weblab aquarium startup [in /home/gabi/Web programing/Flask/aquarium/app/__init__.py:27]
2015-05-15 15:47:07,753 INFO: weblab aquarium startup [in /home/gabi/Web programing/Flask/aquarium/app/__init__.py:27]
2015-05-15 15:47:09,010 INFO: weblab aquarium startup [in /home/gabi/Web programing/Flask/aquarium/app/__init__.py:27]
2015-05-15 16:19:10,222 INFO: weblab aquarium startup [in /home/gabi/Web programing/Flask/aquarium/app/__init__.py:27]
2015-05-15 16:35:53,770 INFO: weblab aquarium startup [in /home/gabi/Web programing/Flask/aquarium/app/__init__.py:27]
2015-05-15 16:36:40,763 INFO: weblab aquarium startup [in /home/gabi/Web programing/Flask/aquarium/app/__init__.py:27]
2015-05-15 16:36:40,982 INFO: weblab aquarium startup [in /home/gabi/Web programing/Flask/aquarium/app/__init__.py:27]
2015-05-15 16:37:15,851 INFO: weblab aquarium startup [in /home/gabi/Web programing/Flask/aquarium/app/__init__.py:27]
2015-05-15 16:37:21,458 INFO: weblab aquarium startup [in /home/gabi/Web programing/Flask/aquarium/app/__init__.py:27]
2015-05-15 16:37:21,672 INFO: weblab aquarium startup [in /home/gabi/Web programing/Flask/aquarium/app/__init__.py:27]
2015-05-15 16:46:45,686 INFO: weblab aquarium startup [in /home/gabi/Web programing/Flask/aquarium/app/__init__.py:27]
2015-05-15 16:46:49,927 INFO: weblab aquarium startup [in /home/gabi/Web programing/Flask/aquarium/app/__init__.py:27]
2015-05-15 16:47:21,091 INFO: weblab aquarium startup [in /home/gabi/Web programing/Flask/aquarium/app/__init__.py:27]
2015-05-15 16:47:21,307 INFO: weblab aquarium startup [in /home/gabi/Web programing/Flask/aquarium/app/__init__.py:27]
2015-05-15 16:50:43,324 INFO: weblab aquarium startup [in /home/gabi/Web programing/Flask/aquarium/app/__init__.py:27]
2015-05-15 16:50:44,583 INFO: weblab aquarium startup [in /home/gabi/Web programing/Flask/aquarium/app/__init__.py:27]
2015-05-15 16:50:45,835 INFO: weblab aquarium startup [in /home/gabi/Web programing/Flask/aquarium/app/__init__.py:27]
2015-05-15 16:51:03,900 INFO: weblab aquarium startup [in /home/gabi/Web programing/Flask/aquarium/app/__init__.py:27]
2015-05-15 16:51:04,111 INFO: weblab aquarium startup [in /home/gabi/Web programing/Flask/aquarium/app/__init__.py:27]
2015-05-15 16:53:26,699 INFO: weblab aquarium startup [in /home/gabi/Web programing/Flask/aquarium/app/__init__.py:27]
2015-05-15 16:53:27,964 INFO: weblab aquarium startup [in /home/gabi/Web programing/Flask/aquarium/app/__init__.py:27]
2015-05-15 16:53:51,416 INFO: weblab aquarium startup [in /home/gabi/Web programing/Flask/aquarium/app/__init__.py:27]
2015-05-15 16:53:56,711 INFO: weblab aquarium startup [in /home/gabi/Web programing/Flask/aquarium/app/__init__.py:27]
2015-05-15 16:53:57,968 INFO: weblab aquarium startup [in /home/gabi/Web programing/Flask/aquarium/app/__init__.py:27]
2015-05-15 16:53:59,219 INFO: weblab aquarium startup [in /home/gabi/Web programing/Flask/aquarium/app/__init__.py:27]
2015-05-15 16:54:00,479 INFO: weblab aquarium startup [in /home/gabi/Web programing/Flask/aquarium/app/__init__.py:27]
2015-05-15 16:54:01,737 INFO: weblab aquarium startup [in /home/gabi/Web programing/Flask/aquarium/app/__init__.py:27]
2015-05-15 16:54:02,995 INFO: weblab aquarium startup [in /home/gabi/Web programing/Flask/aquarium/app/__init__.py:27]
2015-05-15 16:54:04,245 INFO: weblab aquarium startup [in /home/gabi/Web programing/Flask/aquarium/app/__init__.py:27]
2015-05-15 16:56:54,059 INFO: weblab aquarium startup [in /home/gabi/Web programing/Flask/aquarium/app/__init__.py:27]
2015-05-15 16:57:09,912 INFO: weblab aquarium startup [in /home/gabi/Web programing/Flask/aquarium/app/__init__.py:27]
2015-05-15 16:57:10,126 INFO: weblab aquarium startup [in /home/gabi/Web programing/Flask/aquarium/app/__init__.py:27]
2015-05-15 16:58:04,856 INFO: weblab aquarium startup [in /home/gabi/Web programing/Flask/aquarium/app/__init__.py:27]
2015-05-15 16:59:27,920 INFO: weblab aquarium startup [in /home/gabi/Web programing/Flask/aquarium/app/__init__.py:27]
2015-05-15 16:59:29,174 INFO: weblab aquarium startup [in /home/gabi/Web programing/Flask/aquarium/app/__init__.py:27]
2015-05-15 17:00:52,155 INFO: weblab aquarium startup [in /home/gabi/Web programing/Flask/aquarium/app/__init__.py:27]
2015-05-15 17:13:40,653 INFO: weblab aquarium startup [in /home/gabi/Web programing/Flask/aquarium/app/__init__.py:27]
2015-05-15 17:15:12,809 INFO: weblab aquarium startup [in /home/gabi/Web programing/Flask/aquarium/app/__init__.py:27]
2015-05-15 17:15:36,277 INFO: weblab aquarium startup [in /home/gabi/Web programing/Flask/aquarium/app/__init__.py:27]
2015-05-15 17:17:27,695 INFO: weblab aquarium startup [in /home/gabi/Web programing/Flask/aquarium/app/__init__.py:27]
2015-05-15 17:21:18,147 INFO: weblab aquarium startup [in /home/gabi/Web programing/Flask/aquarium/app/__init__.py:27]
2015-05-15 17:21:41,733 INFO: weblab aquarium startup [in /home/gabi/Web programing/Flask/aquarium/app/__init__.py:27]
2015-05-15 17:21:41,942 INFO: weblab aquarium startup [in /home/gabi/Web programing/Flask/aquarium/app/__init__.py:27]
2015-05-15 20:29:28,250 INFO: weblab aquarium startup [in /home/gabi/Web programing/Flask/aquarium/app/__init__.py:27]
2015-05-15 20:30:37,317 INFO: weblab aquarium startup [in /home/gabi/Web programing/Flask/aquarium/app/__init__.py:27]
2015-05-15 20:30:49,008 INFO: weblab aquarium startup [in /home/gabi/Web programing/Flask/aquarium/app/__init__.py:27]
2015-05-15 20:31:02,788 INFO: weblab aquarium startup [in /home/gabi/Web programing/Flask/aquarium/app/__init__.py:27]
2015-05-15 20:31:03,029 INFO: weblab aquarium startup [in /home/gabi/Web programing/Flask/aquarium/app/__init__.py:27]
2015-05-15 20:45:03,837 INFO: weblab aquarium startup [in /home/gabi/Web programing/Flask/aquarium/app/__init__.py:27]
2015-05-15 20:57:48,581 INFO: weblab aquarium startup [in /home/gabi/Web programing/Flask/aquarium/app/__init__.py:27]
2015-05-15 20:58:41,248 INFO: weblab aquarium startup [in /home/gabi/Web programing/Flask/aquarium/app/__init__.py:27]
2015-05-15 21:00:40,535 INFO: weblab aquarium startup [in /home/gabi/Web programing/Flask/aquarium/app/__init__.py:27]
2015-05-15 21:02:15,547 INFO: weblab aquarium startup [in /home/gabi/Web programing/Flask/aquarium/app/__init__.py:27]
2015-05-15 21:07:18,783 INFO: weblab aquarium startup [in /home/gabi/Web programing/Flask/aquarium/app/__init__.py:27]
2015-05-15 21:08:12,462 INFO: weblab aquarium startup [in /home/gabi/Web programing/Flask/aquarium/app/__init__.py:27]
2015-05-15 21:11:42,453 INFO: weblab aquarium startup [in /home/gabi/Web programing/Flask/aquarium/app/__init__.py:27]
2015-05-15 21:11:43,712 INFO: weblab aquarium startup [in /home/gabi/Web programing/Flask/aquarium/app/__init__.py:27]
2015-05-15 21:14:49,718 INFO: weblab aquarium startup [in /home/gabi/Web programing/Flask/aquarium/app/__init__.py:27]
2015-05-15 21:16:33,981 INFO: weblab aquarium startup [in /home/gabi/Web programing/Flask/aquarium/app/__init__.py:27]
2015-05-15 21:18:16,189 INFO: weblab aquarium startup [in /home/gabi/Web programing/Flask/aquarium/app/__init__.py:27]
2015-05-15 21:18:17,457 INFO: weblab aquarium startup [in /home/gabi/Web programing/Flask/aquarium/app/__init__.py:27]
2015-05-15 21:20:42,956 INFO: weblab aquarium startup [in /home/gabi/Web programing/Flask/aquarium/app/__init__.py:27]
2015-05-15 21:24:16,202 INFO: weblab aquarium startup [in /home/gabi/Web programing/Flask/aquarium/app/__init__.py:27]
2015-05-15 21:30:33,634 INFO: weblab aquarium startup [in /home/gabi/Web programing/Flask/aquarium/app/__init__.py:27]
2015-05-15 21:35:35,116 INFO: weblab aquarium startup [in /home/gabi/Web programing/Flask/aquarium/app/__init__.py:27]
2015-05-15 21:35:45,466 INFO: weblab aquarium startup [in /home/gabi/Web programing/Flask/aquarium/app/__init__.py:27]
2015-05-15 21:35:48,738 INFO: weblab aquarium startup [in /home/gabi/Web programing/Flask/aquarium/app/__init__.py:27]
2015-05-15 21:36:15,269 INFO: weblab aquarium startup [in /home/gabi/Web programing/Flask/aquarium/app/__init__.py:27]
2015-05-15 21:38:03,596 INFO: weblab aquarium startup [in /home/gabi/Web programing/Flask/aquarium/app/__init__.py:27]
2015-05-15 21:38:04,850 INFO: weblab aquarium startup [in /home/gabi/Web programing/Flask/aquarium/app/__init__.py:27]
2015-05-15 21:38:27,292 INFO: weblab aquarium startup [in /home/gabi/Web programing/Flask/aquarium/app/__init__.py:27]
2015-05-15 21:39:25,486 INFO: weblab aquarium startup [in /home/gabi/Web programing/Flask/aquarium/app/__init__.py:27]
2015-05-15 21:39:25,701 INFO: weblab aquarium startup [in /home/gabi/Web programing/Flask/aquarium/app/__init__.py:27]
2015-05-15 21:39:46,140 INFO: weblab aquarium startup [in /home/gabi/Web programing/Flask/aquarium/app/__init__.py:27]
2015-05-15 21:40:58,030 INFO: weblab aquarium startup [in /home/gabi/Web programing/Flask/aquarium/app/__init__.py:27]
2015-05-15 21:40:59,286 INFO: weblab aquarium startup [in /home/gabi/Web programing/Flask/aquarium/app/__init__.py:27]
2015-05-15 21:51:07,297 INFO: weblab aquarium startup [in /home/gabi/Web programing/Flask/aquarium/app/__init__.py:27]
2015-05-15 21:51:38,852 INFO: weblab aquarium startup [in /home/gabi/Web programing/Flask/aquarium/app/__init__.py:27]
2015-05-15 21:57:18,943 INFO: weblab aquarium startup [in /home/gabi/Web programing/Flask/aquarium/app/__init__.py:27]
2015-05-15 21:57:20,196 INFO: weblab aquarium startup [in /home/gabi/Web programing/Flask/aquarium/app/__init__.py:27]
2015-05-15 21:57:59,879 INFO: weblab aquarium startup [in /home/gabi/Web programing/Flask/aquarium/app/__init__.py:27]
2015-05-15 21:58:09,208 INFO: weblab aquarium startup [in /home/gabi/Web programing/Flask/aquarium/app/__init__.py:27]
2015-05-15 21:58:17,510 INFO: weblab aquarium startup [in /home/gabi/Web programing/Flask/aquarium/app/__init__.py:27]
2015-05-15 21:59:18,309 INFO: weblab aquarium startup [in /home/gabi/Web programing/Flask/aquarium/app/__init__.py:27]
2015-05-15 21:59:33,526 INFO: weblab aquarium startup [in /home/gabi/Web programing/Flask/aquarium/app/__init__.py:27]
2015-05-15 21:59:33,742 INFO: weblab aquarium startup [in /home/gabi/Web programing/Flask/aquarium/app/__init__.py:27]
2015-05-15 22:03:06,114 INFO: weblab aquarium startup [in /home/gabi/Web programing/Flask/aquarium/app/__init__.py:27]
2015-05-15 22:03:12,415 INFO: weblab aquarium startup [in /home/gabi/Web programing/Flask/aquarium/app/__init__.py:27]
2015-05-15 22:03:17,707 INFO: weblab aquarium startup [in /home/gabi/Web programing/Flask/aquarium/app/__init__.py:27]
2015-05-15 22:04:59,830 INFO: weblab aquarium startup [in /home/gabi/Web programing/Flask/aquarium/app/__init__.py:27]
2015-05-15 22:05:01,087 INFO: weblab aquarium startup [in /home/gabi/Web programing/Flask/aquarium/app/__init__.py:27]
2015-05-15 22:05:56,790 INFO: weblab aquarium startup [in /home/gabi/Web programing/Flask/aquarium/app/__init__.py:27]
2015-05-15 22:05:58,043 INFO: weblab aquarium startup [in /home/gabi/Web programing/Flask/aquarium/app/__init__.py:27]
2015-05-15 22:05:59,305 INFO: weblab aquarium startup [in /home/gabi/Web programing/Flask/aquarium/app/__init__.py:27]
2015-05-15 22:06:28,352 INFO: weblab aquarium startup [in /home/gabi/Web programing/Flask/aquarium/app/__init__.py:27]
2015-05-15 22:06:35,405 INFO: weblab aquarium startup [in /home/gabi/Web programing/Flask/aquarium/app/__init__.py:27]
2015-05-15 22:06:43,355 INFO: weblab aquarium startup [in /home/gabi/Web programing/Flask/aquarium/app/__init__.py:27]
2015-05-15 22:06:43,569 INFO: weblab aquarium startup [in /home/gabi/Web programing/Flask/aquarium/app/__init__.py:27]
2015-05-15 22:14:24,827 INFO: weblab aquarium startup [in app/__init__.py:27]
2015-05-15 22:16:57,125 INFO: weblab aquarium startup [in /home/gabi/Web programing/Flask/aquarium/app/__init__.py:27]
2015-05-15 22:16:57,340 INFO: weblab aquarium startup [in /home/gabi/Web programing/Flask/aquarium/app/__init__.py:27]
2015-05-15 23:56:47,566 INFO: weblab aquarium startup [in /home/gabi/Web programing/Flask/aquarium/app/__init__.py:27]
2015-05-15 23:57:12,980 INFO: weblab aquarium startup [in /home/gabi/Web programing/Flask/aquarium/app/__init__.py:27]
2015-05-15 23:57:13,207 INFO: weblab aquarium startup [in /home/gabi/Web programing/Flask/aquarium/app/__init__.py:27]
2015-05-16 00:03:35,427 INFO: weblab aquarium startup [in /home/gabi/Web programing/Flask/aquarium/app/__init__.py:27]
2015-05-16 00:03:51,814 INFO: weblab aquarium startup [in /home/gabi/Web programing/Flask/aquarium/app/__init__.py:27]
2015-05-16 00:03:53,063 INFO: weblab aquarium startup [in /home/gabi/Web programing/Flask/aquarium/app/__init__.py:27]
2015-05-16 00:16:49,797 INFO: weblab aquarium startup [in /home/gabi/Web programing/Flask/aquarium/app/__init__.py:27]
2015-05-16 00:16:56,109 INFO: weblab aquarium startup [in /home/gabi/Web programing/Flask/aquarium/app/__init__.py:27]
2015-05-16 00:17:00,392 INFO: weblab aquarium startup [in /home/gabi/Web programing/Flask/aquarium/app/__init__.py:27]
2015-05-16 00:21:00,586 INFO: weblab aquarium startup [in /home/gabi/Web programing/Flask/aquarium/app/__init__.py:27]
2015-05-16 00:22:02,278 INFO: weblab aquarium startup [in /home/gabi/Web programing/Flask/aquarium/app/__init__.py:27]
2015-05-16 00:22:02,493 INFO: weblab aquarium startup [in /home/gabi/Web programing/Flask/aquarium/app/__init__.py:27]
2015-05-16 00:22:45,158 INFO: weblab aquarium startup [in /home/gabi/Web programing/Flask/aquarium/app/__init__.py:27]
2015-05-16 00:22:47,589 INFO: weblab aquarium startup [in /home/gabi/Web programing/Flask/aquarium/app/__init__.py:27]
2015-05-16 00:22:47,804 INFO: weblab aquarium startup [in /home/gabi/Web programing/Flask/aquarium/app/__init__.py:27]
2015-05-16 00:24:02,769 INFO: weblab aquarium startup [in /home/gabi/Web programing/Flask/aquarium/app/__init__.py:27]
2015-05-16 00:30:19,460 INFO: weblab aquarium startup [in /home/gabi/Web programing/Flask/aquarium/app/__init__.py:27]
2015-05-16 00:32:35,235 INFO: weblab aquarium startup [in app/__init__.py:27]
2015-05-16 00:37:09,366 INFO: weblab aquarium startup [in /home/gabi/Web programing/Flask/aquarium/app/__init__.py:27]
2015-05-16 00:40:54,895 INFO: weblab aquarium startup [in /home/gabi/Web programing/Flask/aquarium/app/__init__.py:27]
2015-05-16 00:44:28,137 INFO: weblab aquarium startup [in /home/gabi/Web programing/Flask/aquarium/app/__init__.py:27]
2015-05-16 00:44:30,409 INFO: weblab aquarium startup [in /home/gabi/Web programing/Flask/aquarium/app/__init__.py:27]
2015-05-16 00:48:21,774 INFO: weblab aquarium startup [in /home/gabi/Web programing/Flask/aquarium/app/__init__.py:27]
2015-05-16 00:52:28,350 INFO: weblab aquarium startup [in /home/gabi/Web programing/Flask/aquarium/app/__init__.py:27]
2015-05-16 00:53:26,143 INFO: weblab aquarium startup [in /home/gabi/Web programing/Flask/aquarium/app/__init__.py:27]
2015-05-16 00:53:27,401 INFO: weblab aquarium startup [in /home/gabi/Web programing/Flask/aquarium/app/__init__.py:27]
2015-05-16 00:59:07,853 INFO: weblab aquarium startup [in /home/gabi/Web programing/Flask/aquarium/app/__init__.py:27]
2015-05-16 01:01:36,425 INFO: weblab aquarium startup [in /home/gabi/Web programing/Flask/aquarium/app/__init__.py:27]
2015-05-16 01:01:37,683 INFO: weblab aquarium startup [in /home/gabi/Web programing/Flask/aquarium/app/__init__.py:27]
2015-05-16 01:01:38,936 INFO: weblab aquarium startup [in /home/gabi/Web programing/Flask/aquarium/app/__init__.py:27]
2015-05-16 12:08:08,278 INFO: weblab aquarium startup [in /home/gabi/Web programing/Flask/aquarium/app/__init__.py:27]
2015-05-16 12:08:21,017 INFO: weblab aquarium startup [in /home/gabi/Web programing/Flask/aquarium/app/__init__.py:27]
2015-05-16 12:08:21,263 INFO: weblab aquarium startup [in /home/gabi/Web programing/Flask/aquarium/app/__init__.py:27]
2015-05-17 14:40:04,199 INFO: weblab aquarium startup [in /home/gabi/Web programing/Flask/aquarium/app/__init__.py:27]
2015-05-17 14:40:06,073 INFO: weblab aquarium startup [in /home/gabi/Web programing/Flask/aquarium/app/__init__.py:27]
2015-05-17 16:16:49,814 INFO: weblab aquarium startup [in /home/gabi/Web programing/Flask/aquarium/app/__init__.py:27]
2015-05-17 16:17:38,102 INFO: weblab aquarium startup [in /home/gabi/Web programing/Flask/aquarium/app/__init__.py:27]
2015-05-17 16:17:38,630 INFO: weblab aquarium startup [in /home/gabi/Web programing/Flask/aquarium/app/__init__.py:27]
2015-05-17 16:20:44,326 INFO: weblab aquarium startup [in app/__init__.py:27]
2015-05-17 16:23:51,674 INFO: weblab aquarium startup [in /home/gabi/Web programing/Flask/aquarium/app/__init__.py:27]
2015-05-17 16:23:51,888 INFO: weblab aquarium startup [in /home/gabi/Web programing/Flask/aquarium/app/__init__.py:27]
2015-05-17 16:30:36,660 INFO: weblab aquarium startup [in /home/gabi/Web programing/Flask/aquarium/app/__init__.py:27]
2015-05-17 16:30:37,929 INFO: weblab aquarium startup [in /home/gabi/Web programing/Flask/aquarium/app/__init__.py:27]
2015-05-17 16:34:01,994 INFO: weblab aquarium startup [in /home/gabi/Web programing/Flask/aquarium/app/__init__.py:27]
2015-05-17 16:35:28,226 INFO: weblab aquarium startup [in /home/gabi/Web programing/Flask/aquarium/app/__init__.py:27]
2015-05-17 16:35:51,901 INFO: weblab aquarium startup [in /home/gabi/Web programing/Flask/aquarium/app/__init__.py:27]
2015-05-17 16:35:57,628 INFO: weblab aquarium startup [in /home/gabi/Web programing/Flask/aquarium/app/__init__.py:27]
2015-05-17 16:36:49,996 INFO: weblab aquarium startup [in /home/gabi/Web programing/Flask/aquarium/app/__init__.py:27]
2015-05-17 16:37:00,865 INFO: weblab aquarium startup [in /home/gabi/Web programing/Flask/aquarium/app/__init__.py:27]
2015-05-17 16:37:04,399 INFO: weblab aquarium startup [in /home/gabi/Web programing/Flask/aquarium/app/__init__.py:27]
2015-05-17 16:37:43,444 INFO: weblab aquarium startup [in /home/gabi/Web programing/Flask/aquarium/app/__init__.py:27]
2015-05-17 17:36:20,536 INFO: weblab aquarium startup [in /home/gabi/Web programing/Flask/aquarium/app/__init__.py:27]
2015-05-17 17:38:52,263 INFO: weblab aquarium startup [in /home/gabi/Web programing/Flask/aquarium/app/__init__.py:27]
2015-05-17 17:39:21,749 INFO: weblab aquarium startup [in /home/gabi/Web programing/Flask/aquarium/app/__init__.py:27]
2015-05-17 17:39:51,277 INFO: weblab aquarium startup [in /home/gabi/Web programing/Flask/aquarium/app/__init__.py:27]
2015-05-17 17:40:07,686 INFO: weblab aquarium startup [in /home/gabi/Web programing/Flask/aquarium/app/__init__.py:27]
2015-05-17 17:40:26,092 INFO: weblab aquarium startup [in /home/gabi/Web programing/Flask/aquarium/app/__init__.py:27]
2015-05-17 17:41:22,809 INFO: weblab aquarium startup [in /home/gabi/Web programing/Flask/aquarium/app/__init__.py:27]
2015-05-17 17:41:24,060 INFO: weblab aquarium startup [in /home/gabi/Web programing/Flask/aquarium/app/__init__.py:27]
2015-05-17 17:41:25,307 INFO: weblab aquarium startup [in /home/gabi/Web programing/Flask/aquarium/app/__init__.py:27]
2015-05-17 17:41:26,556 INFO: weblab aquarium startup [in /home/gabi/Web programing/Flask/aquarium/app/__init__.py:27]
2015-05-17 17:42:01,109 INFO: weblab aquarium startup [in /home/gabi/Web programing/Flask/aquarium/app/__init__.py:27]
2015-05-17 17:49:22,264 INFO: weblab aquarium startup [in /home/gabi/Web programing/Flask/aquarium/app/__init__.py:27]
2015-05-17 17:50:07,084 INFO: weblab aquarium startup [in /home/gabi/Web programing/Flask/aquarium/app/__init__.py:27]
2015-05-17 17:50:07,297 INFO: weblab aquarium startup [in /home/gabi/Web programing/Flask/aquarium/app/__init__.py:27]
2015-05-17 18:43:50,978 INFO: weblab aquarium startup [in /home/gabi/Web programing/Flask/aquarium/app/__init__.py:27]
2015-05-17 18:43:51,191 INFO: weblab aquarium startup [in /home/gabi/Web programing/Flask/aquarium/app/__init__.py:27]
2015-05-18 09:13:08,732 INFO: weblab aquarium startup [in /home/gabi/Web programing/Flask/aquarium/app/__init__.py:27]
2015-05-18 09:13:21,148 INFO: weblab aquarium startup [in /home/gabi/Web programing/Flask/aquarium/app/__init__.py:27]
2015-05-18 09:13:21,401 INFO: weblab aquarium startup [in /home/gabi/Web programing/Flask/aquarium/app/__init__.py:27]
2015-05-17 21:07:02,321 INFO: weblab aquarium startup [in /opt/aquarium/app/__init__.py:27]
2015-05-17 21:07:12,207 INFO: weblab aquarium startup [in /opt/aquarium/app/__init__.py:27]
2015-05-18 12:38:17,454 INFO: weblab aquarium startup [in app/__init__.py:28]
2015-05-18 13:19:15,313 INFO: weblab aquarium startup [in /opt/aquarium/app/__init__.py:28]
2015-05-18 13:19:33,157 INFO: weblab aquarium startup [in /opt/aquarium/app/__init__.py:28]
2015-05-18 15:23:57,832 INFO: weblab aquarium startup [in app/__init__.py:28]
2015-05-18 15:26:16,063 INFO: weblab aquarium startup [in app/__init__.py:28]
2015-05-18 16:45:47,622 INFO: weblab aquarium startup [in app/__init__.py:28]
2015-05-18 16:48:12,936 INFO: weblab aquarium startup [in app/__init__.py:28]
2015-05-18 17:10:31,297 INFO: weblab aquarium startup [in app/__init__.py:28]
2015-05-18 17:49:07,364 INFO: weblab aquarium startup [in /opt/aquarium/app/__init__.py:28]
2015-05-21 12:17:34,187 INFO: weblab aquarium startup [in /opt/aquarium/app/__init__.py:28]
2015-05-21 12:21:07,638 INFO: weblab aquarium startup [in /opt/aquarium/app/__init__.py:28]
2015-05-21 12:25:48,768 INFO: weblab aquarium startup [in /opt/aquarium/app/__init__.py:28]
2015-05-21 12:28:26,323 INFO: weblab aquarium startup [in /opt/aquarium/app/__init__.py:28]
2015-05-21 12:31:07,222 INFO: weblab aquarium startup [in /opt/aquarium/app/__init__.py:28]
2015-05-21 12:31:18,029 ERROR: Exception on /home [GET] [in /usr/local/lib/python2.7/dist-packages/flask/app.py:1423]
Traceback (most recent call last):
  File "/usr/local/lib/python2.7/dist-packages/flask/app.py", line 1817, in wsgi_app
    response = self.full_dispatch_request()
  File "/usr/local/lib/python2.7/dist-packages/flask/app.py", line 1477, in full_dispatch_request
    rv = self.handle_user_exception(e)
  File "/usr/local/lib/python2.7/dist-packages/flask/app.py", line 1381, in handle_user_exception
    reraise(exc_type, exc_value, tb)
  File "/usr/local/lib/python2.7/dist-packages/flask/app.py", line 1475, in full_dispatch_request
    rv = self.dispatch_request()
  File "/usr/local/lib/python2.7/dist-packages/flask/app.py", line 1461, in dispatch_request
    return self.view_functions[rule.endpoint](**req.view_args)
  File "/usr/local/lib/python2.7/dist-packages/flask_login.py", line 757, in decorated_view
    return current_app.login_manager.unauthorized()
  File "/usr/local/lib/python2.7/dist-packages/flask_login.py", line 205, in unauthorized
    return redirect(login_url(self.login_view, request.url))
  File "/usr/local/lib/python2.7/dist-packages/flask_login.py", line 609, in login_url
    base = url_for(login_view)
  File "/usr/local/lib/python2.7/dist-packages/flask/helpers.py", line 312, in url_for
    return appctx.app.handle_url_build_error(error, endpoint, values)
  File "/usr/local/lib/python2.7/dist-packages/flask/app.py", line 1641, in handle_url_build_error
    reraise(exc_type, exc_value, tb)
  File "/usr/local/lib/python2.7/dist-packages/flask/helpers.py", line 305, in url_for
    force_external=external)
  File "/usr/local/lib/python2.7/dist-packages/werkzeug/routing.py", line 1678, in build
    raise BuildError(endpoint, values, method)
BuildError: ('login', {}, None)
2015-05-21 12:32:17,411 ERROR: Exception on /home [GET] [in /usr/local/lib/python2.7/dist-packages/flask/app.py:1423]
Traceback (most recent call last):
  File "/usr/local/lib/python2.7/dist-packages/flask/app.py", line 1817, in wsgi_app
    response = self.full_dispatch_request()
  File "/usr/local/lib/python2.7/dist-packages/flask/app.py", line 1477, in full_dispatch_request
    rv = self.handle_user_exception(e)
  File "/usr/local/lib/python2.7/dist-packages/flask/app.py", line 1381, in handle_user_exception
    reraise(exc_type, exc_value, tb)
  File "/usr/local/lib/python2.7/dist-packages/flask/app.py", line 1475, in full_dispatch_request
    rv = self.dispatch_request()
  File "/usr/local/lib/python2.7/dist-packages/flask/app.py", line 1461, in dispatch_request
    return self.view_functions[rule.endpoint](**req.view_args)
  File "/usr/local/lib/python2.7/dist-packages/flask_login.py", line 758, in decorated_view
    return func(*args, **kwargs)
  File "/opt/aquarium/app/views.py", line 32, in home
    user=g.user)
  File "/usr/local/lib/python2.7/dist-packages/flask/templating.py", line 128, in render_template
    context, ctx.app)
  File "/usr/local/lib/python2.7/dist-packages/flask/templating.py", line 110, in _render
    rv = template.render(context)
  File "/usr/local/lib/python2.7/dist-packages/jinja2/environment.py", line 969, in render
    return self.environment.handle_exception(exc_info, True)
  File "/usr/local/lib/python2.7/dist-packages/jinja2/environment.py", line 742, in handle_exception
    reraise(exc_type, exc_value, tb)
  File "/opt/aquarium/app/templates/base.html", line 9, in template
    <script type="text/javascript" src="{{ url_for('static', filename='/js/widgets.js' }}"></script>
TemplateSyntaxError: unexpected '}', expected ')'
2015-05-21 12:32:19,517 ERROR: Exception on /home [GET] [in /usr/local/lib/python2.7/dist-packages/flask/app.py:1423]
Traceback (most recent call last):
  File "/usr/local/lib/python2.7/dist-packages/flask/app.py", line 1817, in wsgi_app
    response = self.full_dispatch_request()
  File "/usr/local/lib/python2.7/dist-packages/flask/app.py", line 1477, in full_dispatch_request
    rv = self.handle_user_exception(e)
  File "/usr/local/lib/python2.7/dist-packages/flask/app.py", line 1381, in handle_user_exception
    reraise(exc_type, exc_value, tb)
  File "/usr/local/lib/python2.7/dist-packages/flask/app.py", line 1475, in full_dispatch_request
    rv = self.dispatch_request()
  File "/usr/local/lib/python2.7/dist-packages/flask/app.py", line 1461, in dispatch_request
    return self.view_functions[rule.endpoint](**req.view_args)
  File "/usr/local/lib/python2.7/dist-packages/flask_login.py", line 758, in decorated_view
    return func(*args, **kwargs)
  File "/opt/aquarium/app/views.py", line 32, in home
    user=g.user)
  File "/usr/local/lib/python2.7/dist-packages/flask/templating.py", line 128, in render_template
    context, ctx.app)
  File "/usr/local/lib/python2.7/dist-packages/flask/templating.py", line 110, in _render
    rv = template.render(context)
  File "/usr/local/lib/python2.7/dist-packages/jinja2/environment.py", line 969, in render
    return self.environment.handle_exception(exc_info, True)
  File "/usr/local/lib/python2.7/dist-packages/jinja2/environment.py", line 742, in handle_exception
    reraise(exc_type, exc_value, tb)
  File "/opt/aquarium/app/templates/base.html", line 9, in template
    <script type="text/javascript" src="{{ url_for('static', filename='/js/widgets.js' }}"></script>
TemplateSyntaxError: unexpected '}', expected ')'
2015-05-21 12:32:24,729 ERROR: Exception on /home [GET] [in /usr/local/lib/python2.7/dist-packages/flask/app.py:1423]
Traceback (most recent call last):
  File "/usr/local/lib/python2.7/dist-packages/flask/app.py", line 1817, in wsgi_app
    response = self.full_dispatch_request()
  File "/usr/local/lib/python2.7/dist-packages/flask/app.py", line 1477, in full_dispatch_request
    rv = self.handle_user_exception(e)
  File "/usr/local/lib/python2.7/dist-packages/flask/app.py", line 1381, in handle_user_exception
    reraise(exc_type, exc_value, tb)
  File "/usr/local/lib/python2.7/dist-packages/flask/app.py", line 1475, in full_dispatch_request
    rv = self.dispatch_request()
  File "/usr/local/lib/python2.7/dist-packages/flask/app.py", line 1461, in dispatch_request
    return self.view_functions[rule.endpoint](**req.view_args)
  File "/usr/local/lib/python2.7/dist-packages/flask_login.py", line 758, in decorated_view
    return func(*args, **kwargs)
  File "/opt/aquarium/app/views.py", line 32, in home
    user=g.user)
  File "/usr/local/lib/python2.7/dist-packages/flask/templating.py", line 128, in render_template
    context, ctx.app)
  File "/usr/local/lib/python2.7/dist-packages/flask/templating.py", line 110, in _render
    rv = template.render(context)
  File "/usr/local/lib/python2.7/dist-packages/jinja2/environment.py", line 969, in render
    return self.environment.handle_exception(exc_info, True)
  File "/usr/local/lib/python2.7/dist-packages/jinja2/environment.py", line 742, in handle_exception
    reraise(exc_type, exc_value, tb)
  File "/opt/aquarium/app/templates/base.html", line 9, in template
    <script type="text/javascript" src="{{ url_for('static', filename='/js/widgets.js' }}"></script>
TemplateSyntaxError: unexpected '}', expected ')'
2015-05-21 12:32:27,480 ERROR: Exception on /chat [GET] [in /usr/local/lib/python2.7/dist-packages/flask/app.py:1423]
Traceback (most recent call last):
  File "/usr/local/lib/python2.7/dist-packages/flask/app.py", line 1817, in wsgi_app
    response = self.full_dispatch_request()
  File "/usr/local/lib/python2.7/dist-packages/flask/app.py", line 1477, in full_dispatch_request
    rv = self.handle_user_exception(e)
  File "/usr/local/lib/python2.7/dist-packages/flask/app.py", line 1381, in handle_user_exception
    reraise(exc_type, exc_value, tb)
  File "/usr/local/lib/python2.7/dist-packages/flask/app.py", line 1475, in full_dispatch_request
    rv = self.dispatch_request()
  File "/usr/local/lib/python2.7/dist-packages/flask/app.py", line 1461, in dispatch_request
    return self.view_functions[rule.endpoint](**req.view_args)
  File "/usr/local/lib/python2.7/dist-packages/flask_login.py", line 758, in decorated_view
    return func(*args, **kwargs)
  File "/opt/aquarium/app/views.py", line 84, in chat
    return render_template('chat.html', form=form, posts=posts, onlineUsers=onlineUsers)
  File "/usr/local/lib/python2.7/dist-packages/flask/templating.py", line 128, in render_template
    context, ctx.app)
  File "/usr/local/lib/python2.7/dist-packages/flask/templating.py", line 110, in _render
    rv = template.render(context)
  File "/usr/local/lib/python2.7/dist-packages/jinja2/environment.py", line 969, in render
    return self.environment.handle_exception(exc_info, True)
  File "/usr/local/lib/python2.7/dist-packages/jinja2/environment.py", line 742, in handle_exception
    reraise(exc_type, exc_value, tb)
  File "/opt/aquarium/app/templates/base.html", line 9, in template
    <script type="text/javascript" src="{{ url_for('static', filename='/js/widgets.js' }}"></script>
TemplateSyntaxError: unexpected '}', expected ')'
2015-05-21 12:32:30,052 ERROR: Exception on /home [GET] [in /usr/local/lib/python2.7/dist-packages/flask/app.py:1423]
Traceback (most recent call last):
  File "/usr/local/lib/python2.7/dist-packages/flask/app.py", line 1817, in wsgi_app
    response = self.full_dispatch_request()
  File "/usr/local/lib/python2.7/dist-packages/flask/app.py", line 1477, in full_dispatch_request
    rv = self.handle_user_exception(e)
  File "/usr/local/lib/python2.7/dist-packages/flask/app.py", line 1381, in handle_user_exception
    reraise(exc_type, exc_value, tb)
  File "/usr/local/lib/python2.7/dist-packages/flask/app.py", line 1475, in full_dispatch_request
    rv = self.dispatch_request()
  File "/usr/local/lib/python2.7/dist-packages/flask/app.py", line 1461, in dispatch_request
    return self.view_functions[rule.endpoint](**req.view_args)
  File "/usr/local/lib/python2.7/dist-packages/flask_login.py", line 758, in decorated_view
    return func(*args, **kwargs)
  File "/opt/aquarium/app/views.py", line 32, in home
    user=g.user)
  File "/usr/local/lib/python2.7/dist-packages/flask/templating.py", line 128, in render_template
    context, ctx.app)
  File "/usr/local/lib/python2.7/dist-packages/flask/templating.py", line 110, in _render
    rv = template.render(context)
  File "/usr/local/lib/python2.7/dist-packages/jinja2/environment.py", line 969, in render
    return self.environment.handle_exception(exc_info, True)
  File "/usr/local/lib/python2.7/dist-packages/jinja2/environment.py", line 742, in handle_exception
    reraise(exc_type, exc_value, tb)
  File "/opt/aquarium/app/templates/base.html", line 9, in template
    <script type="text/javascript" src="{{ url_for('static', filename='/js/widgets.js' }}"></script>
TemplateSyntaxError: unexpected '}', expected ')'
2015-05-21 12:33:20,235 ERROR: Exception on /home [GET] [in /usr/local/lib/python2.7/dist-packages/flask/app.py:1423]
Traceback (most recent call last):
  File "/usr/local/lib/python2.7/dist-packages/flask/app.py", line 1817, in wsgi_app
    response = self.full_dispatch_request()
  File "/usr/local/lib/python2.7/dist-packages/flask/app.py", line 1477, in full_dispatch_request
    rv = self.handle_user_exception(e)
  File "/usr/local/lib/python2.7/dist-packages/flask/app.py", line 1381, in handle_user_exception
    reraise(exc_type, exc_value, tb)
  File "/usr/local/lib/python2.7/dist-packages/flask/app.py", line 1475, in full_dispatch_request
    rv = self.dispatch_request()
  File "/usr/local/lib/python2.7/dist-packages/flask/app.py", line 1461, in dispatch_request
    return self.view_functions[rule.endpoint](**req.view_args)
  File "/usr/local/lib/python2.7/dist-packages/flask_login.py", line 758, in decorated_view
    return func(*args, **kwargs)
  File "/opt/aquarium/app/views.py", line 32, in home
    user=g.user)
  File "/usr/local/lib/python2.7/dist-packages/flask/templating.py", line 128, in render_template
    context, ctx.app)
  File "/usr/local/lib/python2.7/dist-packages/flask/templating.py", line 110, in _render
    rv = template.render(context)
  File "/usr/local/lib/python2.7/dist-packages/jinja2/environment.py", line 969, in render
    return self.environment.handle_exception(exc_info, True)
  File "/usr/local/lib/python2.7/dist-packages/jinja2/environment.py", line 742, in handle_exception
    reraise(exc_type, exc_value, tb)
  File "/opt/aquarium/app/templates/index.html", line 1, in top-level template code
    {% extends "base.html" %}
  File "/usr/local/lib/python2.7/dist-packages/flask/templating.py", line 64, in get_source
    raise TemplateNotFound(template)
TemplateNotFound: base.html
2015-05-21 12:37:29,051 INFO: weblab aquarium startup [in /opt/aquarium/app/__init__.py:28]
2015-05-21 19:21:29,539 INFO: weblab aquarium startup [in /home/gabi/temp/aquarium/app/__init__.py:28]
2015-05-21 19:22:43,733 INFO: weblab aquarium startup [in /home/gabi/temp/aquarium/app/__init__.py:28]
2015-05-21 19:22:43,987 INFO: weblab aquarium startup [in /home/gabi/temp/aquarium/app/__init__.py:28]
2015-05-21 19:23:15,989 INFO: weblab aquarium startup [in /home/gabi/temp/aquarium/app/__init__.py:28]
2015-05-21 19:23:16,192 INFO: weblab aquarium startup [in /home/gabi/temp/aquarium/app/__init__.py:28]
2015-05-21 19:29:54,760 INFO: weblab aquarium startup [in /home/gabi/temp/aquarium/app/__init__.py:28]
2015-05-21 19:29:54,959 INFO: weblab aquarium startup [in /home/gabi/temp/aquarium/app/__init__.py:28]
2015-05-21 19:31:58,756 INFO: weblab aquarium startup [in /home/gabi/temp/aquarium/app/__init__.py:28]
2015-05-21 19:31:58,951 INFO: weblab aquarium startup [in /home/gabi/temp/aquarium/app/__init__.py:28]
2015-05-21 22:53:18,357 INFO: weblab aquarium startup [in /home/gabi/temp/aquarium/app/__init__.py:28]
2015-05-21 22:53:18,571 INFO: weblab aquarium startup [in /home/gabi/temp/aquarium/app/__init__.py:28]
2015-05-22 10:05:56,041 INFO: weblab aquarium startup [in /home/gabi/temp/aquarium/app/__init__.py:28]
2015-05-22 10:06:07,365 INFO: weblab aquarium startup [in /home/gabi/temp/aquarium/app/__init__.py:28]
2015-05-22 10:06:07,594 INFO: weblab aquarium startup [in /home/gabi/temp/aquarium/app/__init__.py:28]
2015-05-22 10:07:40,461 INFO: weblab aquarium startup [in /home/gabi/temp/aquarium/app/__init__.py:28]
2015-05-22 10:07:47,731 INFO: weblab aquarium startup [in /home/gabi/temp/aquarium/app/__init__.py:28]
2015-05-22 10:08:36,237 INFO: weblab aquarium startup [in /home/gabi/temp/aquarium/app/__init__.py:28]
2015-05-22 10:09:15,707 INFO: weblab aquarium startup [in /home/gabi/temp/aquarium/app/__init__.py:28]
2015-05-22 10:09:19,965 INFO: weblab aquarium startup [in /home/gabi/temp/aquarium/app/__init__.py:28]
2015-05-22 10:10:30,623 INFO: weblab aquarium startup [in /home/gabi/temp/aquarium/app/__init__.py:28]
2015-05-22 13:31:00,295 INFO: weblab aquarium startup [in /home/gabi/temp/aquarium/app/__init__.py:28]
2015-05-22 13:31:11,135 INFO: weblab aquarium startup [in /home/gabi/temp/aquarium/app/__init__.py:28]
2015-05-22 13:31:11,353 INFO: weblab aquarium startup [in /home/gabi/temp/aquarium/app/__init__.py:28]
2015-05-25 12:32:13,900 INFO: weblab aquarium startup [in /home/gabi/temp/aquarium/app/__init__.py:28]
2015-05-25 12:32:26,932 INFO: weblab aquarium startup [in /home/gabi/temp/aquarium/app/__init__.py:28]
2015-05-25 12:32:27,145 INFO: weblab aquarium startup [in /home/gabi/temp/aquarium/app/__init__.py:28]
2015-05-25 12:35:34,635 INFO: weblab aquarium startup [in /home/gabi/temp/aquarium/app/__init__.py:28]
2015-05-25 12:35:35,873 INFO: weblab aquarium startup [in /home/gabi/temp/aquarium/app/__init__.py:28]
2015-05-25 12:37:10,680 INFO: weblab aquarium startup [in /home/gabi/temp/aquarium/app/__init__.py:28]
2015-05-25 12:53:23,627 INFO: weblab aquarium startup [in /home/gabi/temp/aquarium/app/__init__.py:28]
2015-05-25 12:53:34,954 INFO: weblab aquarium startup [in /home/gabi/temp/aquarium/app/__init__.py:28]
2015-05-25 12:54:00,334 INFO: weblab aquarium startup [in /home/gabi/temp/aquarium/app/__init__.py:28]
2015-05-25 12:57:03,594 INFO: weblab aquarium startup [in /home/gabi/temp/aquarium/app/__init__.py:28]
2015-05-25 12:57:04,851 INFO: weblab aquarium startup [in /home/gabi/temp/aquarium/app/__init__.py:28]
2015-05-25 18:22:15,107 INFO: weblab aquarium startup [in /home/gabi/temp/aquarium/app/__init__.py:28]
2015-05-25 18:22:15,821 INFO: weblab aquarium startup [in /home/gabi/temp/aquarium/app/__init__.py:28]
2015-05-25 18:23:31,601 INFO: weblab aquarium startup [in /home/gabi/temp/aquarium/app/__init__.py:28]
2015-05-25 18:25:12,436 INFO: weblab aquarium startup [in /home/gabi/temp/aquarium/app/__init__.py:28]
2015-05-25 18:25:13,671 INFO: weblab aquarium startup [in /home/gabi/temp/aquarium/app/__init__.py:28]
2015-05-25 18:25:42,086 INFO: weblab aquarium startup [in /home/gabi/temp/aquarium/app/__init__.py:28]
2015-05-25 18:26:04,469 INFO: weblab aquarium startup [in /home/gabi/temp/aquarium/app/__init__.py:28]
2015-05-25 18:30:21,281 INFO: weblab aquarium startup [in /home/gabi/temp/aquarium/app/__init__.py:28]
2015-05-25 18:30:30,575 INFO: weblab aquarium startup [in /home/gabi/temp/aquarium/app/__init__.py:28]
2015-05-25 18:30:41,877 INFO: weblab aquarium startup [in /home/gabi/temp/aquarium/app/__init__.py:28]
2015-05-25 18:30:43,122 INFO: weblab aquarium startup [in /home/gabi/temp/aquarium/app/__init__.py:28]
2015-05-25 18:31:49,761 INFO: weblab aquarium startup [in /home/gabi/temp/aquarium/app/__init__.py:28]
2015-05-25 18:37:21,066 INFO: weblab aquarium startup [in /home/gabi/temp/aquarium/app/__init__.py:28]
2015-05-25 18:38:09,607 INFO: weblab aquarium startup [in /home/gabi/temp/aquarium/app/__init__.py:28]
2015-05-25 18:40:24,642 INFO: weblab aquarium startup [in /home/gabi/temp/aquarium/app/__init__.py:28]
2015-05-25 18:40:25,881 INFO: weblab aquarium startup [in /home/gabi/temp/aquarium/app/__init__.py:28]
2015-05-25 18:40:55,295 INFO: weblab aquarium startup [in /home/gabi/temp/aquarium/app/__init__.py:28]
2015-05-25 18:40:56,540 INFO: weblab aquarium startup [in /home/gabi/temp/aquarium/app/__init__.py:28]
2015-05-25 18:41:44,078 INFO: weblab aquarium startup [in /home/gabi/temp/aquarium/app/__init__.py:28]
2015-05-25 18:41:45,331 INFO: weblab aquarium startup [in /home/gabi/temp/aquarium/app/__init__.py:28]
2015-05-25 18:42:16,749 INFO: weblab aquarium startup [in /home/gabi/temp/aquarium/app/__init__.py:28]
2015-05-25 18:45:44,257 INFO: weblab aquarium startup [in /home/gabi/temp/aquarium/app/__init__.py:28]
2015-05-25 18:46:48,888 INFO: weblab aquarium startup [in /home/gabi/temp/aquarium/app/__init__.py:28]
2015-05-25 18:47:46,458 INFO: weblab aquarium startup [in /home/gabi/temp/aquarium/app/__init__.py:28]
2015-05-25 18:47:47,707 INFO: weblab aquarium startup [in /home/gabi/temp/aquarium/app/__init__.py:28]
2015-05-25 18:47:53,973 INFO: weblab aquarium startup [in /home/gabi/temp/aquarium/app/__init__.py:28]
2015-05-25 18:49:09,077 INFO: weblab aquarium startup [in /home/gabi/temp/aquarium/app/__init__.py:28]
2015-05-25 18:49:09,279 INFO: weblab aquarium startup [in /home/gabi/temp/aquarium/app/__init__.py:28]
2015-05-25 19:22:55,239 INFO: weblab aquarium startup [in /home/gabi/temp/aquarium/app/__init__.py:28]
2015-05-25 19:22:56,471 INFO: weblab aquarium startup [in /home/gabi/temp/aquarium/app/__init__.py:28]
2015-05-26 09:39:09,148 INFO: weblab aquarium startup [in /home/gabi/temp/aquarium/app/__init__.py:28]
2015-05-26 09:39:27,194 INFO: weblab aquarium startup [in /home/gabi/temp/aquarium/app/__init__.py:28]
2015-05-26 09:39:27,405 INFO: weblab aquarium startup [in /home/gabi/temp/aquarium/app/__init__.py:28]
2015-05-26 09:40:46,706 INFO: weblab aquarium startup [in /home/gabi/temp/aquarium/app/__init__.py:28]
2015-05-26 09:41:03,263 INFO: weblab aquarium startup [in /home/gabi/temp/aquarium/app/__init__.py:28]
2015-05-26 09:41:03,461 INFO: weblab aquarium startup [in /home/gabi/temp/aquarium/app/__init__.py:28]
2015-05-26 10:44:59,012 INFO: weblab aquarium startup [in /home/gabi/temp/aquarium/app/__init__.py:28]
2015-05-26 10:45:09,315 INFO: weblab aquarium startup [in /home/gabi/temp/aquarium/app/__init__.py:28]
2015-05-26 10:45:22,635 INFO: weblab aquarium startup [in /home/gabi/temp/aquarium/app/__init__.py:28]
2015-05-26 10:46:16,174 INFO: weblab aquarium startup [in /home/gabi/temp/aquarium/app/__init__.py:28]
2015-05-26 10:46:17,419 INFO: weblab aquarium startup [in /home/gabi/temp/aquarium/app/__init__.py:28]
2015-05-26 10:47:43,156 INFO: weblab aquarium startup [in /home/gabi/temp/aquarium/app/__init__.py:28]
2015-05-26 10:48:06,535 INFO: weblab aquarium startup [in /home/gabi/temp/aquarium/app/__init__.py:28]
2015-05-26 10:49:25,247 INFO: weblab aquarium startup [in /home/gabi/temp/aquarium/app/__init__.py:28]
2015-05-26 10:49:26,503 INFO: weblab aquarium startup [in /home/gabi/temp/aquarium/app/__init__.py:28]
2015-05-26 11:19:23,763 INFO: weblab aquarium startup [in /home/gabi/temp/aquarium/app/__init__.py:28]
2015-05-26 11:19:30,054 INFO: weblab aquarium startup [in /home/gabi/temp/aquarium/app/__init__.py:28]
2015-05-26 11:20:48,775 INFO: weblab aquarium startup [in /home/gabi/temp/aquarium/app/__init__.py:28]
2015-05-26 11:21:58,464 INFO: weblab aquarium startup [in /home/gabi/temp/aquarium/app/__init__.py:28]
2015-05-26 11:23:07,145 INFO: weblab aquarium startup [in /home/gabi/temp/aquarium/app/__init__.py:28]
2015-05-26 11:23:59,708 INFO: weblab aquarium startup [in /home/gabi/temp/aquarium/app/__init__.py:28]
2015-05-26 11:24:00,964 INFO: weblab aquarium startup [in /home/gabi/temp/aquarium/app/__init__.py:28]
2015-05-26 11:31:47,068 INFO: weblab aquarium startup [in /home/gabi/temp/aquarium/app/__init__.py:28]
2015-05-26 11:33:23,908 INFO: weblab aquarium startup [in /home/gabi/temp/aquarium/app/__init__.py:28]
2015-05-26 11:33:25,152 INFO: weblab aquarium startup [in /home/gabi/temp/aquarium/app/__init__.py:28]
2015-05-26 11:34:12,707 INFO: weblab aquarium startup [in /home/gabi/temp/aquarium/app/__init__.py:28]
2015-05-26 11:34:24,437 INFO: weblab aquarium startup [in /home/gabi/temp/aquarium/app/__init__.py:28]
2015-05-26 11:35:04,922 INFO: weblab aquarium startup [in /home/gabi/temp/aquarium/app/__init__.py:28]
2015-05-26 11:35:07,341 INFO: weblab aquarium startup [in /home/gabi/temp/aquarium/app/__init__.py:28]
2015-05-26 11:35:11,620 INFO: weblab aquarium startup [in /home/gabi/temp/aquarium/app/__init__.py:28]
2015-05-26 11:35:32,877 INFO: weblab aquarium startup [in /home/gabi/temp/aquarium/app/__init__.py:28]
2015-05-26 11:35:33,075 INFO: weblab aquarium startup [in /home/gabi/temp/aquarium/app/__init__.py:28]
2015-05-26 11:36:47,786 INFO: weblab aquarium startup [in /home/gabi/temp/aquarium/app/__init__.py:28]
2015-05-26 11:37:14,202 INFO: weblab aquarium startup [in /home/gabi/temp/aquarium/app/__init__.py:28]
2015-05-26 11:37:54,677 INFO: weblab aquarium startup [in /home/gabi/temp/aquarium/app/__init__.py:28]
2015-05-26 11:40:52,012 INFO: weblab aquarium startup [in /home/gabi/temp/aquarium/app/__init__.py:28]
2015-05-26 11:40:53,252 INFO: weblab aquarium startup [in /home/gabi/temp/aquarium/app/__init__.py:28]
2015-05-26 12:17:19,276 INFO: weblab aquarium startup [in /home/gabi/temp/aquarium/app/__init__.py:28]
2015-05-26 12:17:19,478 INFO: weblab aquarium startup [in /home/gabi/temp/aquarium/app/__init__.py:28]
2015-05-26 12:18:44,226 INFO: weblab aquarium startup [in /home/gabi/temp/aquarium/app/__init__.py:28]
2015-05-26 12:19:45,931 INFO: weblab aquarium startup [in /home/gabi/temp/aquarium/app/__init__.py:28]
2015-05-26 12:19:46,133 INFO: weblab aquarium startup [in /home/gabi/temp/aquarium/app/__init__.py:28]
2015-05-26 12:21:45,094 INFO: weblab aquarium startup [in /home/gabi/temp/aquarium/app/__init__.py:28]
2015-05-26 12:30:24,606 INFO: weblab aquarium startup [in /home/gabi/temp/aquarium/app/__init__.py:28]
2015-05-26 12:30:24,811 INFO: weblab aquarium startup [in /home/gabi/temp/aquarium/app/__init__.py:28]
2015-05-26 12:45:29,723 INFO: weblab aquarium startup [in /home/gabi/temp/aquarium/app/__init__.py:28]
2015-05-26 12:54:13,192 INFO: weblab aquarium startup [in /home/gabi/temp/aquarium/app/__init__.py:28]
2015-05-26 12:55:30,904 INFO: weblab aquarium startup [in /home/gabi/temp/aquarium/app/__init__.py:28]
2015-05-26 12:55:48,253 INFO: weblab aquarium startup [in /home/gabi/temp/aquarium/app/__init__.py:28]
2015-05-26 12:56:21,700 INFO: weblab aquarium startup [in /home/gabi/temp/aquarium/app/__init__.py:28]
2015-05-26 12:56:42,080 INFO: weblab aquarium startup [in /home/gabi/temp/aquarium/app/__init__.py:28]
2015-05-26 12:57:57,765 INFO: weblab aquarium startup [in /home/gabi/temp/aquarium/app/__init__.py:28]
2015-05-26 12:57:59,012 INFO: weblab aquarium startup [in /home/gabi/temp/aquarium/app/__init__.py:28]
2015-05-26 12:58:44,549 INFO: weblab aquarium startup [in /home/gabi/temp/aquarium/app/__init__.py:28]
2015-05-26 12:58:55,357 INFO: weblab aquarium startup [in /home/gabi/temp/aquarium/app/__init__.py:28]
2015-05-26 12:58:55,559 INFO: weblab aquarium startup [in /home/gabi/temp/aquarium/app/__init__.py:28]
2015-05-26 13:00:22,341 INFO: weblab aquarium startup [in /home/gabi/temp/aquarium/app/__init__.py:28]
2015-05-26 13:00:49,767 INFO: weblab aquarium startup [in /home/gabi/temp/aquarium/app/__init__.py:28]
2015-05-26 13:01:25,234 INFO: weblab aquarium startup [in /home/gabi/temp/aquarium/app/__init__.py:28]
2015-05-26 13:01:26,476 INFO: weblab aquarium startup [in /home/gabi/temp/aquarium/app/__init__.py:28]
2015-05-26 13:02:33,137 INFO: weblab aquarium startup [in /home/gabi/temp/aquarium/app/__init__.py:28]
2015-05-26 13:02:47,467 INFO: weblab aquarium startup [in /home/gabi/temp/aquarium/app/__init__.py:28]
2015-05-26 13:03:04,258 INFO: weblab aquarium startup [in /home/gabi/temp/aquarium/app/__init__.py:28]
2015-05-26 13:03:04,460 INFO: weblab aquarium startup [in /home/gabi/temp/aquarium/app/__init__.py:28]
2015-05-26 13:05:51,140 INFO: weblab aquarium startup [in /home/gabi/temp/aquarium/app/__init__.py:28]
2015-05-26 13:05:51,340 INFO: weblab aquarium startup [in /home/gabi/temp/aquarium/app/__init__.py:28]
2015-05-26 13:17:18,766 INFO: weblab aquarium startup [in /home/gabi/temp/aquarium/app/__init__.py:28]
2015-05-26 13:17:19,999 INFO: weblab aquarium startup [in /home/gabi/temp/aquarium/app/__init__.py:28]
2015-05-26 14:04:39,922 INFO: weblab aquarium startup [in /home/gabi/temp/aquarium/app/__init__.py:28]
2015-05-26 14:05:16,349 INFO: weblab aquarium startup [in /home/gabi/temp/aquarium/app/__init__.py:28]
2015-05-26 14:05:17,586 INFO: weblab aquarium startup [in /home/gabi/temp/aquarium/app/__init__.py:28]
2015-05-26 14:06:37,305 INFO: weblab aquarium startup [in /home/gabi/temp/aquarium/app/__init__.py:28]
2015-05-26 14:07:56,024 INFO: weblab aquarium startup [in /home/gabi/temp/aquarium/app/__init__.py:28]
2015-05-26 14:08:40,540 INFO: weblab aquarium startup [in /home/gabi/temp/aquarium/app/__init__.py:28]
2015-05-26 14:10:04,268 INFO: weblab aquarium startup [in /home/gabi/temp/aquarium/app/__init__.py:28]
2015-05-26 14:23:41,336 INFO: weblab aquarium startup [in /home/gabi/temp/aquarium/app/__init__.py:28]
2015-05-26 14:23:42,572 INFO: weblab aquarium startup [in /home/gabi/temp/aquarium/app/__init__.py:28]
2015-05-26 20:50:16,182 INFO: weblab aquarium startup [in /home/gabi/temp/aquarium/app/__init__.py:28]
2015-05-26 20:50:28,383 INFO: weblab aquarium startup [in /home/gabi/temp/aquarium/app/__init__.py:28]
2015-05-26 20:50:28,806 INFO: weblab aquarium startup [in /home/gabi/temp/aquarium/app/__init__.py:28]
2015-05-26 21:01:37,175 INFO: weblab aquarium startup [in /home/gabi/temp/aquarium/app/__init__.py:28]
2015-05-26 21:01:41,434 INFO: weblab aquarium startup [in /home/gabi/temp/aquarium/app/__init__.py:28]
2015-05-26 21:04:33,751 INFO: weblab aquarium startup [in /home/gabi/temp/aquarium/app/__init__.py:28]
2015-05-26 21:05:39,366 INFO: weblab aquarium startup [in /home/gabi/temp/aquarium/app/__init__.py:28]
2015-05-26 21:13:14,303 INFO: weblab aquarium startup [in /home/gabi/temp/aquarium/app/__init__.py:28]
2015-05-26 21:23:52,364 INFO: weblab aquarium startup [in /home/gabi/temp/aquarium/app/__init__.py:28]
2015-05-26 21:24:41,840 INFO: weblab aquarium startup [in /home/gabi/temp/aquarium/app/__init__.py:28]
2015-05-26 21:24:42,043 INFO: weblab aquarium startup [in /home/gabi/temp/aquarium/app/__init__.py:28]
2015-05-26 21:46:24,253 INFO: weblab aquarium startup [in /home/gabi/temp/aquarium/app/__init__.py:28]
2015-05-26 21:46:27,504 INFO: weblab aquarium startup [in /home/gabi/temp/aquarium/app/__init__.py:28]
2015-05-26 21:52:53,090 INFO: weblab aquarium startup [in /home/gabi/temp/aquarium/app/__init__.py:28]
2015-05-26 21:53:04,403 INFO: weblab aquarium startup [in /home/gabi/temp/aquarium/app/__init__.py:28]
2015-05-27 09:17:08,117 INFO: weblab aquarium startup [in /opt/aquarium/app/__init__.py:28]
2015-05-27 09:20:24,204 INFO: weblab aquarium startup [in /opt/aquarium/app/__init__.py:28]
2015-05-27 09:24:53,424 INFO: weblab aquarium startup [in /opt/aquarium/app/__init__.py:28]
2015-05-27 09:55:34,446 INFO: weblab aquarium startup [in /opt/aquarium/app/__init__.py:28]
2015-05-27 09:58:38,844 INFO: weblab aquarium startup [in /opt/aquarium/app/__init__.py:28]
2015-05-27 10:14:51,631 INFO: weblab aquarium startup [in /opt/aquarium/app/__init__.py:28]
2015-05-27 12:14:06,756 INFO: weblab aquarium startup [in /opt/aquarium/app/__init__.py:28]
2015-05-27 12:18:35,803 INFO: weblab aquarium startup [in /opt/aquarium/app/__init__.py:28]
2015-05-27 12:22:55,992 INFO: weblab aquarium startup [in /opt/aquarium/app/__init__.py:28]
2015-05-27 12:22:57,735 INFO: weblab aquarium startup [in /opt/aquarium/app/__init__.py:28]
2015-05-27 12:27:35,139 INFO: weblab aquarium startup [in /opt/aquarium/app/__init__.py:28]
2015-05-27 12:27:36,879 INFO: weblab aquarium startup [in /opt/aquarium/app/__init__.py:28]
2015-05-27 12:30:23,214 INFO: weblab aquarium startup [in /opt/aquarium/app/__init__.py:28]
2015-05-27 12:30:24,938 INFO: weblab aquarium startup [in /opt/aquarium/app/__init__.py:28]
2015-05-27 12:31:39,204 INFO: weblab aquarium startup [in /opt/aquarium/app/__init__.py:28]
2015-05-27 12:31:40,957 INFO: weblab aquarium startup [in /opt/aquarium/app/__init__.py:28]
2015-05-27 12:32:02,978 INFO: weblab aquarium startup [in /opt/aquarium/app/__init__.py:28]
2015-05-27 16:09:40,442 INFO: weblab aquarium startup [in /opt/aquarium/app/__init__.py:28]
2015-05-28 10:37:08,245 INFO: weblab aquarium startup [in /opt/aquarium/app/__init__.py:28]
2015-05-28 10:40:17,056 ERROR: Exception on /home [GET] [in /usr/local/lib/python2.7/dist-packages/flask/app.py:1423]
Traceback (most recent call last):
  File "/usr/local/lib/python2.7/dist-packages/flask/app.py", line 1817, in wsgi_app
    response = self.full_dispatch_request()
  File "/usr/local/lib/python2.7/dist-packages/flask/app.py", line 1477, in full_dispatch_request
    rv = self.handle_user_exception(e)
  File "/usr/local/lib/python2.7/dist-packages/flask/app.py", line 1381, in handle_user_exception
    reraise(exc_type, exc_value, tb)
  File "/usr/local/lib/python2.7/dist-packages/flask/app.py", line 1473, in full_dispatch_request
    rv = self.preprocess_request()
  File "/usr/local/lib/python2.7/dist-packages/flask/app.py", line 1666, in preprocess_request
    rv = func()
  File "/opt/aquarium/app/views.py", line 49, in before_request
    db.session.commit()
  File "/usr/local/lib/python2.7/dist-packages/sqlalchemy/orm/scoping.py", line 150, in do
    return getattr(self.registry(), name)(*args, **kwargs)
  File "/usr/local/lib/python2.7/dist-packages/sqlalchemy/orm/session.py", line 788, in commit
    self.transaction.commit()
  File "/usr/local/lib/python2.7/dist-packages/sqlalchemy/orm/session.py", line 384, in commit
    self._prepare_impl()
  File "/usr/local/lib/python2.7/dist-packages/sqlalchemy/orm/session.py", line 364, in _prepare_impl
    self.session.flush()
  File "/usr/local/lib/python2.7/dist-packages/sqlalchemy/orm/session.py", line 1985, in flush
    self._flush(objects)
  File "/usr/local/lib/python2.7/dist-packages/sqlalchemy/orm/session.py", line 2103, in _flush
    transaction.rollback(_capture_exception=True)
  File "/usr/local/lib/python2.7/dist-packages/sqlalchemy/util/langhelpers.py", line 60, in __exit__
    compat.reraise(exc_type, exc_value, exc_tb)
  File "/usr/local/lib/python2.7/dist-packages/sqlalchemy/orm/session.py", line 2067, in _flush
    flush_context.execute()
  File "/usr/local/lib/python2.7/dist-packages/sqlalchemy/orm/unitofwork.py", line 372, in execute
    rec.execute(self)
  File "/usr/local/lib/python2.7/dist-packages/sqlalchemy/orm/unitofwork.py", line 526, in execute
    uow
  File "/usr/local/lib/python2.7/dist-packages/sqlalchemy/orm/persistence.py", line 60, in save_obj
    mapper, table, update)
  File "/usr/local/lib/python2.7/dist-packages/sqlalchemy/orm/persistence.py", line 518, in _emit_update_statements
    execute(statement, params)
  File "/usr/local/lib/python2.7/dist-packages/sqlalchemy/engine/base.py", line 841, in execute
    return meth(self, multiparams, params)
  File "/usr/local/lib/python2.7/dist-packages/sqlalchemy/sql/elements.py", line 322, in _execute_on_connection
    return connection._execute_clauseelement(self, multiparams, params)
  File "/usr/local/lib/python2.7/dist-packages/sqlalchemy/engine/base.py", line 938, in _execute_clauseelement
    compiled_sql, distilled_params
  File "/usr/local/lib/python2.7/dist-packages/sqlalchemy/engine/base.py", line 1070, in _execute_context
    context)
  File "/usr/local/lib/python2.7/dist-packages/sqlalchemy/engine/base.py", line 1271, in _handle_dbapi_exception
    exc_info
  File "/usr/local/lib/python2.7/dist-packages/sqlalchemy/util/compat.py", line 199, in raise_from_cause
    reraise(type(exception), exception, tb=exc_tb)
  File "/usr/local/lib/python2.7/dist-packages/sqlalchemy/engine/base.py", line 1063, in _execute_context
    context)
  File "/usr/local/lib/python2.7/dist-packages/sqlalchemy/engine/default.py", line 442, in do_execute
    cursor.execute(statement, parameters)
OperationalError: (OperationalError) database is locked u'UPDATE user SET last_poll=? WHERE user.id = ?' ('2015-05-28 10:40:12.036628', 1)
