2015-05-13 10:28:46,530 INFO: weblab aquarium startup [in /home/gabi/Web programing/Flask/aquarium/app/__init__.py:27]
2015-05-13 10:29:05,614 INFO: weblab aquarium startup [in /home/gabi/Web programing/Flask/aquarium/app/__init__.py:27]
2015-05-13 14:49:18,102 INFO: weblab aquarium startup [in /home/gabi/Web programing/Flask/aquarium/app/__init__.py:27]
2015-05-13 14:49:18,310 INFO: weblab aquarium startup [in /home/gabi/Web programing/Flask/aquarium/app/__init__.py:27]
2015-05-13 14:51:39,539 INFO: weblab aquarium startup [in /home/gabi/Web programing/Flask/aquarium/app/__init__.py:27]
2015-05-13 14:51:39,752 INFO: weblab aquarium startup [in /home/gabi/Web programing/Flask/aquarium/app/__init__.py:27]
2015-05-13 14:53:01,980 INFO: weblab aquarium startup [in /home/gabi/Web programing/Flask/aquarium/app/__init__.py:27]
2015-05-13 14:53:02,194 INFO: weblab aquarium startup [in /home/gabi/Web programing/Flask/aquarium/app/__init__.py:27]
2015-05-13 18:00:42,109 INFO: weblab aquarium startup [in /home/gabi/Web programing/Flask/aquarium/app/__init__.py:27]
2015-05-13 18:00:43,982 INFO: weblab aquarium startup [in /home/gabi/Web programing/Flask/aquarium/app/__init__.py:27]
2015-05-13 18:15:25,410 INFO: weblab aquarium startup [in /home/gabi/Web programing/Flask/aquarium/app/__init__.py:27]
2015-05-13 18:15:25,621 INFO: weblab aquarium startup [in /home/gabi/Web programing/Flask/aquarium/app/__init__.py:27]
2015-05-13 18:17:03,722 INFO: weblab aquarium startup [in /home/gabi/Web programing/Flask/aquarium/app/__init__.py:27]
2015-05-13 18:17:04,983 INFO: weblab aquarium startup [in /home/gabi/Web programing/Flask/aquarium/app/__init__.py:27]
2015-05-13 18:18:05,865 INFO: weblab aquarium startup [in /home/gabi/Web programing/Flask/aquarium/app/__init__.py:27]
2015-05-13 18:18:06,077 INFO: weblab aquarium startup [in /home/gabi/Web programing/Flask/aquarium/app/__init__.py:27]
2015-05-13 18:56:08,935 INFO: weblab aquarium startup [in /home/gabi/Web programing/Flask/aquarium/app/__init__.py:27]
2015-05-13 18:56:09,147 INFO: weblab aquarium startup [in /home/gabi/Web programing/Flask/aquarium/app/__init__.py:27]
2015-05-13 19:00:23,712 INFO: weblab aquarium startup [in /home/gabi/Web programing/Flask/aquarium/app/__init__.py:27]
2015-05-13 19:00:23,927 INFO: weblab aquarium startup [in /home/gabi/Web programing/Flask/aquarium/app/__init__.py:27]
2015-05-13 20:22:56,839 INFO: weblab aquarium startup [in /home/gabi/Web programing/Flask/aquarium/app/__init__.py:27]
2015-05-13 20:22:58,720 INFO: weblab aquarium startup [in /home/gabi/Web programing/Flask/aquarium/app/__init__.py:27]
2015-05-13 20:27:20,152 INFO: weblab aquarium startup [in /home/gabi/Web programing/Flask/aquarium/app/__init__.py:27]
2015-05-13 20:27:20,368 INFO: weblab aquarium startup [in /home/gabi/Web programing/Flask/aquarium/app/__init__.py:27]
2015-05-13 20:30:08,362 INFO: weblab aquarium startup [in /home/gabi/Web programing/Flask/aquarium/app/__init__.py:27]
2015-05-13 20:30:08,577 INFO: weblab aquarium startup [in /home/gabi/Web programing/Flask/aquarium/app/__init__.py:27]
2015-05-13 20:31:06,093 INFO: weblab aquarium startup [in /home/gabi/Web programing/Flask/aquarium/app/__init__.py:27]
2015-05-13 20:31:06,326 INFO: weblab aquarium startup [in /home/gabi/Web programing/Flask/aquarium/app/__init__.py:27]
2015-05-13 22:45:23,419 INFO: weblab aquarium startup [in /home/gabi/Web programing/Flask/aquarium/app/__init__.py:27]
2015-05-13 22:50:21,391 INFO: weblab aquarium startup [in /home/gabi/Web programing/Flask/aquarium/app/__init__.py:27]
2015-05-13 22:50:21,606 INFO: weblab aquarium startup [in /home/gabi/Web programing/Flask/aquarium/app/__init__.py:27]
2015-05-13 22:50:45,493 INFO: weblab aquarium startup [in /home/gabi/Web programing/Flask/aquarium/app/__init__.py:27]
2015-05-13 22:51:03,707 INFO: weblab aquarium startup [in /home/gabi/Web programing/Flask/aquarium/app/__init__.py:27]
2015-05-13 22:51:03,920 INFO: weblab aquarium startup [in /home/gabi/Web programing/Flask/aquarium/app/__init__.py:27]
2015-05-13 22:52:40,508 INFO: weblab aquarium startup [in /home/gabi/Web programing/Flask/aquarium/app/__init__.py:27]
2015-05-13 22:52:43,473 INFO: weblab aquarium startup [in /home/gabi/Web programing/Flask/aquarium/app/__init__.py:27]
2015-05-13 22:52:43,684 INFO: weblab aquarium startup [in /home/gabi/Web programing/Flask/aquarium/app/__init__.py:27]
2015-05-13 22:55:23,314 INFO: weblab aquarium startup [in /home/gabi/Web programing/Flask/aquarium/app/__init__.py:27]
2015-05-13 22:55:23,526 INFO: weblab aquarium startup [in /home/gabi/Web programing/Flask/aquarium/app/__init__.py:27]
2015-05-13 23:10:12,796 INFO: weblab aquarium startup [in /home/gabi/Web programing/Flask/aquarium/app/__init__.py:27]
2015-05-13 23:10:13,013 INFO: weblab aquarium startup [in /home/gabi/Web programing/Flask/aquarium/app/__init__.py:27]
2015-05-13 23:20:17,890 INFO: weblab aquarium startup [in /home/gabi/Web programing/Flask/aquarium/app/__init__.py:27]
2015-05-14 07:59:22,741 INFO: weblab aquarium startup [in /home/gabi/Web programing/Flask/aquarium/app/__init__.py:27]
2015-05-14 07:59:24,424 INFO: weblab aquarium startup [in /home/gabi/Web programing/Flask/aquarium/app/__init__.py:27]
2015-05-14 09:01:29,964 INFO: weblab aquarium startup [in /home/gabi/Web programing/Flask/aquarium/app/__init__.py:27]
2015-05-14 09:01:31,219 INFO: weblab aquarium startup [in /home/gabi/Web programing/Flask/aquarium/app/__init__.py:27]
2015-05-14 09:02:47,268 INFO: weblab aquarium startup [in /home/gabi/Web programing/Flask/aquarium/app/__init__.py:27]
2015-05-14 09:06:52,844 INFO: weblab aquarium startup [in /home/gabi/Web programing/Flask/aquarium/app/__init__.py:27]
2015-05-14 09:06:56,794 INFO: weblab aquarium startup [in /home/gabi/Web programing/Flask/aquarium/app/__init__.py:27]
2015-05-14 09:06:57,006 INFO: weblab aquarium startup [in /home/gabi/Web programing/Flask/aquarium/app/__init__.py:27]
2015-05-14 09:07:38,621 INFO: weblab aquarium startup [in /home/gabi/Web programing/Flask/aquarium/app/__init__.py:27]
2015-05-14 09:07:42,901 INFO: weblab aquarium startup [in /home/gabi/Web programing/Flask/aquarium/app/__init__.py:27]
2015-05-14 09:07:46,189 INFO: weblab aquarium startup [in /home/gabi/Web programing/Flask/aquarium/app/__init__.py:27]
2015-05-14 09:07:47,443 INFO: weblab aquarium startup [in /home/gabi/Web programing/Flask/aquarium/app/__init__.py:27]
2015-05-14 09:07:50,708 INFO: weblab aquarium startup [in /home/gabi/Web programing/Flask/aquarium/app/__init__.py:27]
2015-05-14 09:08:02,818 INFO: weblab aquarium startup [in /home/gabi/Web programing/Flask/aquarium/app/__init__.py:27]
2015-05-14 09:08:06,174 INFO: weblab aquarium startup [in /home/gabi/Web programing/Flask/aquarium/app/__init__.py:27]
2015-05-14 09:08:06,386 INFO: weblab aquarium startup [in /home/gabi/Web programing/Flask/aquarium/app/__init__.py:27]
2015-05-14 09:08:55,117 INFO: weblab aquarium startup [in /home/gabi/Web programing/Flask/aquarium/app/__init__.py:27]
2015-05-14 09:10:42,863 INFO: weblab aquarium startup [in app/__init__.py:27]
2015-05-14 09:16:09,352 INFO: weblab aquarium startup [in /home/gabi/Web programing/Flask/aquarium/app/__init__.py:27]
2015-05-14 09:16:10,604 INFO: weblab aquarium startup [in /home/gabi/Web programing/Flask/aquarium/app/__init__.py:27]
2015-05-14 09:16:53,268 INFO: weblab aquarium startup [in /home/gabi/Web programing/Flask/aquarium/app/__init__.py:27]
2015-05-15 13:06:56,800 INFO: weblab aquarium startup [in /home/gabi/Web programing/Flask/aquarium/app/__init__.py:27]
2015-05-15 13:06:57,204 INFO: weblab aquarium startup [in /home/gabi/Web programing/Flask/aquarium/app/__init__.py:27]
2015-05-15 13:10:24,386 INFO: weblab aquarium startup [in /home/gabi/Web programing/Flask/aquarium/app/__init__.py:27]
2015-05-15 13:10:27,762 INFO: weblab aquarium startup [in /home/gabi/Web programing/Flask/aquarium/app/__init__.py:27]
2015-05-15 13:10:27,971 INFO: weblab aquarium startup [in /home/gabi/Web programing/Flask/aquarium/app/__init__.py:27]
2015-05-15 13:41:20,833 INFO: weblab aquarium startup [in /home/gabi/Web programing/Flask/aquarium/app/__init__.py:27]
2015-05-15 13:41:45,001 INFO: weblab aquarium startup [in /home/gabi/Web programing/Flask/aquarium/app/__init__.py:27]
2015-05-15 13:41:45,205 INFO: weblab aquarium startup [in /home/gabi/Web programing/Flask/aquarium/app/__init__.py:27]
2015-05-15 14:07:50,100 INFO: weblab aquarium startup [in /home/gabi/Web programing/Flask/aquarium/app/__init__.py:27]
2015-05-15 14:11:09,086 INFO: weblab aquarium startup [in /home/gabi/Web programing/Flask/aquarium/app/__init__.py:27]
2015-05-15 14:12:12,937 INFO: weblab aquarium startup [in /home/gabi/Web programing/Flask/aquarium/app/__init__.py:27]
2015-05-15 14:13:09,375 INFO: weblab aquarium startup [in /home/gabi/Web programing/Flask/aquarium/app/__init__.py:27]
2015-05-15 14:18:10,102 INFO: weblab aquarium startup [in /home/gabi/Web programing/Flask/aquarium/app/__init__.py:27]
2015-05-15 14:19:49,645 INFO: weblab aquarium startup [in /home/gabi/Web programing/Flask/aquarium/app/__init__.py:27]
2015-05-15 14:21:53,915 INFO: weblab aquarium startup [in /home/gabi/Web programing/Flask/aquarium/app/__init__.py:27]
2015-05-15 14:23:22,166 INFO: weblab aquarium startup [in /home/gabi/Web programing/Flask/aquarium/app/__init__.py:27]
2015-05-15 14:23:22,381 INFO: weblab aquarium startup [in /home/gabi/Web programing/Flask/aquarium/app/__init__.py:27]
2015-05-15 14:24:56,521 INFO: weblab aquarium startup [in /home/gabi/Web programing/Flask/aquarium/app/__init__.py:27]
2015-05-15 14:24:56,733 INFO: weblab aquarium startup [in /home/gabi/Web programing/Flask/aquarium/app/__init__.py:27]
2015-05-15 14:26:15,612 INFO: weblab aquarium startup [in /home/gabi/Web programing/Flask/aquarium/app/__init__.py:27]
2015-05-15 14:26:15,826 INFO: weblab aquarium startup [in /home/gabi/Web programing/Flask/aquarium/app/__init__.py:27]
2015-05-15 14:27:49,789 INFO: weblab aquarium startup [in /home/gabi/Web programing/Flask/aquarium/app/__init__.py:27]
2015-05-15 14:27:50,002 INFO: weblab aquarium startup [in /home/gabi/Web programing/Flask/aquarium/app/__init__.py:27]
2015-05-15 14:30:46,714 INFO: weblab aquarium startup [in /home/gabi/Web programing/Flask/aquarium/app/__init__.py:27]
2015-05-15 14:30:46,926 INFO: weblab aquarium startup [in /home/gabi/Web programing/Flask/aquarium/app/__init__.py:27]
2015-05-15 14:32:37,280 INFO: weblab aquarium startup [in /home/gabi/Web programing/Flask/aquarium/app/__init__.py:27]
2015-05-15 14:32:37,489 INFO: weblab aquarium startup [in /home/gabi/Web programing/Flask/aquarium/app/__init__.py:27]
2015-05-15 14:35:52,066 INFO: weblab aquarium startup [in /home/gabi/Web programing/Flask/aquarium/app/__init__.py:27]
2015-05-15 14:35:52,274 INFO: weblab aquarium startup [in /home/gabi/Web programing/Flask/aquarium/app/__init__.py:27]
2015-05-15 14:46:44,582 INFO: weblab aquarium startup [in /home/gabi/Web programing/Flask/aquarium/app/__init__.py:27]
2015-05-15 14:50:23,005 INFO: weblab aquarium startup [in /home/gabi/Web programing/Flask/aquarium/app/__init__.py:27]
2015-05-15 14:50:23,221 INFO: weblab aquarium startup [in /home/gabi/Web programing/Flask/aquarium/app/__init__.py:27]
2015-05-15 15:27:19,549 INFO: weblab aquarium startup [in /home/gabi/Web programing/Flask/aquarium/app/__init__.py:27]
2015-05-15 15:27:20,797 INFO: weblab aquarium startup [in /home/gabi/Web programing/Flask/aquarium/app/__init__.py:27]
2015-05-15 15:35:19,464 INFO: weblab aquarium startup [in /home/gabi/Web programing/Flask/aquarium/app/__init__.py:27]
2015-05-15 15:47:07,753 INFO: weblab aquarium startup [in /home/gabi/Web programing/Flask/aquarium/app/__init__.py:27]
2015-05-15 15:47:09,010 INFO: weblab aquarium startup [in /home/gabi/Web programing/Flask/aquarium/app/__init__.py:27]
2015-05-15 16:19:10,222 INFO: weblab aquarium startup [in /home/gabi/Web programing/Flask/aquarium/app/__init__.py:27]
2015-05-15 16:35:53,770 INFO: weblab aquarium startup [in /home/gabi/Web programing/Flask/aquarium/app/__init__.py:27]
2015-05-15 16:36:40,763 INFO: weblab aquarium startup [in /home/gabi/Web programing/Flask/aquarium/app/__init__.py:27]
2015-05-15 16:36:40,982 INFO: weblab aquarium startup [in /home/gabi/Web programing/Flask/aquarium/app/__init__.py:27]
2015-05-15 16:37:15,851 INFO: weblab aquarium startup [in /home/gabi/Web programing/Flask/aquarium/app/__init__.py:27]
2015-05-15 16:37:21,458 INFO: weblab aquarium startup [in /home/gabi/Web programing/Flask/aquarium/app/__init__.py:27]
2015-05-15 16:37:21,672 INFO: weblab aquarium startup [in /home/gabi/Web programing/Flask/aquarium/app/__init__.py:27]
2015-05-15 16:46:45,686 INFO: weblab aquarium startup [in /home/gabi/Web programing/Flask/aquarium/app/__init__.py:27]
2015-05-15 16:46:49,927 INFO: weblab aquarium startup [in /home/gabi/Web programing/Flask/aquarium/app/__init__.py:27]
2015-05-15 16:47:21,091 INFO: weblab aquarium startup [in /home/gabi/Web programing/Flask/aquarium/app/__init__.py:27]
2015-05-15 16:47:21,307 INFO: weblab aquarium startup [in /home/gabi/Web programing/Flask/aquarium/app/__init__.py:27]
2015-05-15 16:50:43,324 INFO: weblab aquarium startup [in /home/gabi/Web programing/Flask/aquarium/app/__init__.py:27]
2015-05-15 16:50:44,583 INFO: weblab aquarium startup [in /home/gabi/Web programing/Flask/aquarium/app/__init__.py:27]
2015-05-15 16:50:45,835 INFO: weblab aquarium startup [in /home/gabi/Web programing/Flask/aquarium/app/__init__.py:27]
2015-05-15 16:51:03,900 INFO: weblab aquarium startup [in /home/gabi/Web programing/Flask/aquarium/app/__init__.py:27]
2015-05-15 16:51:04,111 INFO: weblab aquarium startup [in /home/gabi/Web programing/Flask/aquarium/app/__init__.py:27]
2015-05-15 16:53:26,699 INFO: weblab aquarium startup [in /home/gabi/Web programing/Flask/aquarium/app/__init__.py:27]
2015-05-15 16:53:27,964 INFO: weblab aquarium startup [in /home/gabi/Web programing/Flask/aquarium/app/__init__.py:27]
2015-05-15 16:53:51,416 INFO: weblab aquarium startup [in /home/gabi/Web programing/Flask/aquarium/app/__init__.py:27]
2015-05-15 16:53:56,711 INFO: weblab aquarium startup [in /home/gabi/Web programing/Flask/aquarium/app/__init__.py:27]
2015-05-15 16:53:57,968 INFO: weblab aquarium startup [in /home/gabi/Web programing/Flask/aquarium/app/__init__.py:27]
2015-05-15 16:53:59,219 INFO: weblab aquarium startup [in /home/gabi/Web programing/Flask/aquarium/app/__init__.py:27]
2015-05-15 16:54:00,479 INFO: weblab aquarium startup [in /home/gabi/Web programing/Flask/aquarium/app/__init__.py:27]
2015-05-15 16:54:01,737 INFO: weblab aquarium startup [in /home/gabi/Web programing/Flask/aquarium/app/__init__.py:27]
2015-05-15 16:54:02,995 INFO: weblab aquarium startup [in /home/gabi/Web programing/Flask/aquarium/app/__init__.py:27]
2015-05-15 16:54:04,245 INFO: weblab aquarium startup [in /home/gabi/Web programing/Flask/aquarium/app/__init__.py:27]
2015-05-15 16:56:54,059 INFO: weblab aquarium startup [in /home/gabi/Web programing/Flask/aquarium/app/__init__.py:27]
2015-05-15 16:57:09,912 INFO: weblab aquarium startup [in /home/gabi/Web programing/Flask/aquarium/app/__init__.py:27]
2015-05-15 16:57:10,126 INFO: weblab aquarium startup [in /home/gabi/Web programing/Flask/aquarium/app/__init__.py:27]
2015-05-15 16:58:04,856 INFO: weblab aquarium startup [in /home/gabi/Web programing/Flask/aquarium/app/__init__.py:27]
2015-05-15 16:59:27,920 INFO: weblab aquarium startup [in /home/gabi/Web programing/Flask/aquarium/app/__init__.py:27]
2015-05-15 16:59:29,174 INFO: weblab aquarium startup [in /home/gabi/Web programing/Flask/aquarium/app/__init__.py:27]
2015-05-15 17:00:52,155 INFO: weblab aquarium startup [in /home/gabi/Web programing/Flask/aquarium/app/__init__.py:27]
2015-05-15 17:13:40,653 INFO: weblab aquarium startup [in /home/gabi/Web programing/Flask/aquarium/app/__init__.py:27]
2015-05-15 17:15:12,809 INFO: weblab aquarium startup [in /home/gabi/Web programing/Flask/aquarium/app/__init__.py:27]
2015-05-15 17:15:36,277 INFO: weblab aquarium startup [in /home/gabi/Web programing/Flask/aquarium/app/__init__.py:27]
2015-05-15 17:17:27,695 INFO: weblab aquarium startup [in /home/gabi/Web programing/Flask/aquarium/app/__init__.py:27]
2015-05-15 17:21:18,147 INFO: weblab aquarium startup [in /home/gabi/Web programing/Flask/aquarium/app/__init__.py:27]
2015-05-15 17:21:41,733 INFO: weblab aquarium startup [in /home/gabi/Web programing/Flask/aquarium/app/__init__.py:27]
2015-05-15 17:21:41,942 INFO: weblab aquarium startup [in /home/gabi/Web programing/Flask/aquarium/app/__init__.py:27]
2015-05-15 20:29:28,250 INFO: weblab aquarium startup [in /home/gabi/Web programing/Flask/aquarium/app/__init__.py:27]
2015-05-15 20:30:37,317 INFO: weblab aquarium startup [in /home/gabi/Web programing/Flask/aquarium/app/__init__.py:27]
2015-05-15 20:30:49,008 INFO: weblab aquarium startup [in /home/gabi/Web programing/Flask/aquarium/app/__init__.py:27]
2015-05-15 20:31:02,788 INFO: weblab aquarium startup [in /home/gabi/Web programing/Flask/aquarium/app/__init__.py:27]
2015-05-15 20:31:03,029 INFO: weblab aquarium startup [in /home/gabi/Web programing/Flask/aquarium/app/__init__.py:27]
2015-05-15 20:45:03,837 INFO: weblab aquarium startup [in /home/gabi/Web programing/Flask/aquarium/app/__init__.py:27]
2015-05-15 20:57:48,581 INFO: weblab aquarium startup [in /home/gabi/Web programing/Flask/aquarium/app/__init__.py:27]
2015-05-15 20:58:41,248 INFO: weblab aquarium startup [in /home/gabi/Web programing/Flask/aquarium/app/__init__.py:27]
2015-05-15 21:00:40,535 INFO: weblab aquarium startup [in /home/gabi/Web programing/Flask/aquarium/app/__init__.py:27]
2015-05-15 21:02:15,547 INFO: weblab aquarium startup [in /home/gabi/Web programing/Flask/aquarium/app/__init__.py:27]
2015-05-15 21:07:18,783 INFO: weblab aquarium startup [in /home/gabi/Web programing/Flask/aquarium/app/__init__.py:27]
2015-05-15 21:08:12,462 INFO: weblab aquarium startup [in /home/gabi/Web programing/Flask/aquarium/app/__init__.py:27]
2015-05-15 21:11:42,453 INFO: weblab aquarium startup [in /home/gabi/Web programing/Flask/aquarium/app/__init__.py:27]
2015-05-15 21:11:43,712 INFO: weblab aquarium startup [in /home/gabi/Web programing/Flask/aquarium/app/__init__.py:27]
2015-05-15 21:14:49,718 INFO: weblab aquarium startup [in /home/gabi/Web programing/Flask/aquarium/app/__init__.py:27]
2015-05-15 21:16:33,981 INFO: weblab aquarium startup [in /home/gabi/Web programing/Flask/aquarium/app/__init__.py:27]
2015-05-15 21:18:16,189 INFO: weblab aquarium startup [in /home/gabi/Web programing/Flask/aquarium/app/__init__.py:27]
2015-05-15 21:18:17,457 INFO: weblab aquarium startup [in /home/gabi/Web programing/Flask/aquarium/app/__init__.py:27]
2015-05-15 21:20:42,956 INFO: weblab aquarium startup [in /home/gabi/Web programing/Flask/aquarium/app/__init__.py:27]
2015-05-15 21:24:16,202 INFO: weblab aquarium startup [in /home/gabi/Web programing/Flask/aquarium/app/__init__.py:27]
2015-05-15 21:30:33,634 INFO: weblab aquarium startup [in /home/gabi/Web programing/Flask/aquarium/app/__init__.py:27]
2015-05-15 21:35:35,116 INFO: weblab aquarium startup [in /home/gabi/Web programing/Flask/aquarium/app/__init__.py:27]
2015-05-15 21:35:45,466 INFO: weblab aquarium startup [in /home/gabi/Web programing/Flask/aquarium/app/__init__.py:27]
2015-05-15 21:35:48,738 INFO: weblab aquarium startup [in /home/gabi/Web programing/Flask/aquarium/app/__init__.py:27]
2015-05-15 21:36:15,269 INFO: weblab aquarium startup [in /home/gabi/Web programing/Flask/aquarium/app/__init__.py:27]
2015-05-15 21:38:03,596 INFO: weblab aquarium startup [in /home/gabi/Web programing/Flask/aquarium/app/__init__.py:27]
2015-05-15 21:38:04,850 INFO: weblab aquarium startup [in /home/gabi/Web programing/Flask/aquarium/app/__init__.py:27]
2015-05-15 21:38:27,292 INFO: weblab aquarium startup [in /home/gabi/Web programing/Flask/aquarium/app/__init__.py:27]
2015-05-15 21:39:25,486 INFO: weblab aquarium startup [in /home/gabi/Web programing/Flask/aquarium/app/__init__.py:27]
2015-05-15 21:39:25,701 INFO: weblab aquarium startup [in /home/gabi/Web programing/Flask/aquarium/app/__init__.py:27]
2015-05-15 21:39:46,140 INFO: weblab aquarium startup [in /home/gabi/Web programing/Flask/aquarium/app/__init__.py:27]
2015-05-15 21:40:58,030 INFO: weblab aquarium startup [in /home/gabi/Web programing/Flask/aquarium/app/__init__.py:27]
2015-05-15 21:40:59,286 INFO: weblab aquarium startup [in /home/gabi/Web programing/Flask/aquarium/app/__init__.py:27]
2015-05-15 21:51:07,297 INFO: weblab aquarium startup [in /home/gabi/Web programing/Flask/aquarium/app/__init__.py:27]
2015-05-15 21:51:38,852 INFO: weblab aquarium startup [in /home/gabi/Web programing/Flask/aquarium/app/__init__.py:27]
2015-05-15 21:57:18,943 INFO: weblab aquarium startup [in /home/gabi/Web programing/Flask/aquarium/app/__init__.py:27]
2015-05-15 21:57:20,196 INFO: weblab aquarium startup [in /home/gabi/Web programing/Flask/aquarium/app/__init__.py:27]
2015-05-15 21:57:59,879 INFO: weblab aquarium startup [in /home/gabi/Web programing/Flask/aquarium/app/__init__.py:27]
2015-05-15 21:58:09,208 INFO: weblab aquarium startup [in /home/gabi/Web programing/Flask/aquarium/app/__init__.py:27]
2015-05-15 21:58:17,510 INFO: weblab aquarium startup [in /home/gabi/Web programing/Flask/aquarium/app/__init__.py:27]
2015-05-15 21:59:18,309 INFO: weblab aquarium startup [in /home/gabi/Web programing/Flask/aquarium/app/__init__.py:27]
2015-05-15 21:59:33,526 INFO: weblab aquarium startup [in /home/gabi/Web programing/Flask/aquarium/app/__init__.py:27]
2015-05-15 21:59:33,742 INFO: weblab aquarium startup [in /home/gabi/Web programing/Flask/aquarium/app/__init__.py:27]
2015-05-15 22:03:06,114 INFO: weblab aquarium startup [in /home/gabi/Web programing/Flask/aquarium/app/__init__.py:27]
2015-05-15 22:03:12,415 INFO: weblab aquarium startup [in /home/gabi/Web programing/Flask/aquarium/app/__init__.py:27]
2015-05-15 22:03:17,707 INFO: weblab aquarium startup [in /home/gabi/Web programing/Flask/aquarium/app/__init__.py:27]
2015-05-15 22:04:59,830 INFO: weblab aquarium startup [in /home/gabi/Web programing/Flask/aquarium/app/__init__.py:27]
2015-05-15 22:05:01,087 INFO: weblab aquarium startup [in /home/gabi/Web programing/Flask/aquarium/app/__init__.py:27]
2015-05-15 22:05:56,790 INFO: weblab aquarium startup [in /home/gabi/Web programing/Flask/aquarium/app/__init__.py:27]
2015-05-15 22:05:58,043 INFO: weblab aquarium startup [in /home/gabi/Web programing/Flask/aquarium/app/__init__.py:27]
2015-05-15 22:05:59,305 INFO: weblab aquarium startup [in /home/gabi/Web programing/Flask/aquarium/app/__init__.py:27]
2015-05-15 22:06:28,352 INFO: weblab aquarium startup [in /home/gabi/Web programing/Flask/aquarium/app/__init__.py:27]
2015-05-15 22:06:35,405 INFO: weblab aquarium startup [in /home/gabi/Web programing/Flask/aquarium/app/__init__.py:27]
2015-05-15 22:06:43,355 INFO: weblab aquarium startup [in /home/gabi/Web programing/Flask/aquarium/app/__init__.py:27]
2015-05-15 22:06:43,569 INFO: weblab aquarium startup [in /home/gabi/Web programing/Flask/aquarium/app/__init__.py:27]
2015-05-15 22:14:24,827 INFO: weblab aquarium startup [in app/__init__.py:27]
2015-05-15 22:16:57,125 INFO: weblab aquarium startup [in /home/gabi/Web programing/Flask/aquarium/app/__init__.py:27]
2015-05-15 22:16:57,340 INFO: weblab aquarium startup [in /home/gabi/Web programing/Flask/aquarium/app/__init__.py:27]
2015-05-15 23:56:47,566 INFO: weblab aquarium startup [in /home/gabi/Web programing/Flask/aquarium/app/__init__.py:27]
2015-05-15 23:57:12,980 INFO: weblab aquarium startup [in /home/gabi/Web programing/Flask/aquarium/app/__init__.py:27]
2015-05-15 23:57:13,207 INFO: weblab aquarium startup [in /home/gabi/Web programing/Flask/aquarium/app/__init__.py:27]
2015-05-16 00:03:35,427 INFO: weblab aquarium startup [in /home/gabi/Web programing/Flask/aquarium/app/__init__.py:27]
2015-05-16 00:03:51,814 INFO: weblab aquarium startup [in /home/gabi/Web programing/Flask/aquarium/app/__init__.py:27]
2015-05-16 00:03:53,063 INFO: weblab aquarium startup [in /home/gabi/Web programing/Flask/aquarium/app/__init__.py:27]
2015-05-16 00:16:49,797 INFO: weblab aquarium startup [in /home/gabi/Web programing/Flask/aquarium/app/__init__.py:27]
2015-05-16 00:16:56,109 INFO: weblab aquarium startup [in /home/gabi/Web programing/Flask/aquarium/app/__init__.py:27]
2015-05-16 00:17:00,392 INFO: weblab aquarium startup [in /home/gabi/Web programing/Flask/aquarium/app/__init__.py:27]
2015-05-16 00:21:00,586 INFO: weblab aquarium startup [in /home/gabi/Web programing/Flask/aquarium/app/__init__.py:27]
2015-05-16 00:22:02,278 INFO: weblab aquarium startup [in /home/gabi/Web programing/Flask/aquarium/app/__init__.py:27]
2015-05-16 00:22:02,493 INFO: weblab aquarium startup [in /home/gabi/Web programing/Flask/aquarium/app/__init__.py:27]
2015-05-16 00:22:45,158 INFO: weblab aquarium startup [in /home/gabi/Web programing/Flask/aquarium/app/__init__.py:27]
2015-05-16 00:22:47,589 INFO: weblab aquarium startup [in /home/gabi/Web programing/Flask/aquarium/app/__init__.py:27]
2015-05-16 00:22:47,804 INFO: weblab aquarium startup [in /home/gabi/Web programing/Flask/aquarium/app/__init__.py:27]
2015-05-16 00:24:02,769 INFO: weblab aquarium startup [in /home/gabi/Web programing/Flask/aquarium/app/__init__.py:27]
2015-05-16 00:30:19,460 INFO: weblab aquarium startup [in /home/gabi/Web programing/Flask/aquarium/app/__init__.py:27]
2015-05-16 00:32:35,235 INFO: weblab aquarium startup [in app/__init__.py:27]
2015-05-16 00:37:09,366 INFO: weblab aquarium startup [in /home/gabi/Web programing/Flask/aquarium/app/__init__.py:27]
2015-05-16 00:40:54,895 INFO: weblab aquarium startup [in /home/gabi/Web programing/Flask/aquarium/app/__init__.py:27]
2015-05-16 00:44:28,137 INFO: weblab aquarium startup [in /home/gabi/Web programing/Flask/aquarium/app/__init__.py:27]
2015-05-16 00:44:30,409 INFO: weblab aquarium startup [in /home/gabi/Web programing/Flask/aquarium/app/__init__.py:27]
2015-05-16 00:48:21,774 INFO: weblab aquarium startup [in /home/gabi/Web programing/Flask/aquarium/app/__init__.py:27]
2015-05-16 00:52:28,350 INFO: weblab aquarium startup [in /home/gabi/Web programing/Flask/aquarium/app/__init__.py:27]
2015-05-16 00:53:26,143 INFO: weblab aquarium startup [in /home/gabi/Web programing/Flask/aquarium/app/__init__.py:27]
2015-05-16 00:53:27,401 INFO: weblab aquarium startup [in /home/gabi/Web programing/Flask/aquarium/app/__init__.py:27]
2015-05-16 00:59:07,853 INFO: weblab aquarium startup [in /home/gabi/Web programing/Flask/aquarium/app/__init__.py:27]
2015-05-16 01:01:36,425 INFO: weblab aquarium startup [in /home/gabi/Web programing/Flask/aquarium/app/__init__.py:27]
2015-05-16 01:01:37,683 INFO: weblab aquarium startup [in /home/gabi/Web programing/Flask/aquarium/app/__init__.py:27]
2015-05-16 01:01:38,936 INFO: weblab aquarium startup [in /home/gabi/Web programing/Flask/aquarium/app/__init__.py:27]
2015-05-16 12:08:08,278 INFO: weblab aquarium startup [in /home/gabi/Web programing/Flask/aquarium/app/__init__.py:27]
2015-05-16 12:08:21,017 INFO: weblab aquarium startup [in /home/gabi/Web programing/Flask/aquarium/app/__init__.py:27]
2015-05-16 12:08:21,263 INFO: weblab aquarium startup [in /home/gabi/Web programing/Flask/aquarium/app/__init__.py:27]
2015-05-17 14:40:04,199 INFO: weblab aquarium startup [in /home/gabi/Web programing/Flask/aquarium/app/__init__.py:27]
2015-05-17 14:40:06,073 INFO: weblab aquarium startup [in /home/gabi/Web programing/Flask/aquarium/app/__init__.py:27]
2015-05-17 16:16:49,814 INFO: weblab aquarium startup [in /home/gabi/Web programing/Flask/aquarium/app/__init__.py:27]
2015-05-17 16:17:38,102 INFO: weblab aquarium startup [in /home/gabi/Web programing/Flask/aquarium/app/__init__.py:27]
2015-05-17 16:17:38,630 INFO: weblab aquarium startup [in /home/gabi/Web programing/Flask/aquarium/app/__init__.py:27]
2015-05-17 16:20:44,326 INFO: weblab aquarium startup [in app/__init__.py:27]
2015-05-17 16:23:51,674 INFO: weblab aquarium startup [in /home/gabi/Web programing/Flask/aquarium/app/__init__.py:27]
2015-05-17 16:23:51,888 INFO: weblab aquarium startup [in /home/gabi/Web programing/Flask/aquarium/app/__init__.py:27]
2015-05-17 16:30:36,660 INFO: weblab aquarium startup [in /home/gabi/Web programing/Flask/aquarium/app/__init__.py:27]
2015-05-17 16:30:37,929 INFO: weblab aquarium startup [in /home/gabi/Web programing/Flask/aquarium/app/__init__.py:27]
2015-05-17 16:34:01,994 INFO: weblab aquarium startup [in /home/gabi/Web programing/Flask/aquarium/app/__init__.py:27]
2015-05-17 16:35:28,226 INFO: weblab aquarium startup [in /home/gabi/Web programing/Flask/aquarium/app/__init__.py:27]
2015-05-17 16:35:51,901 INFO: weblab aquarium startup [in /home/gabi/Web programing/Flask/aquarium/app/__init__.py:27]
2015-05-17 16:35:57,628 INFO: weblab aquarium startup [in /home/gabi/Web programing/Flask/aquarium/app/__init__.py:27]
2015-05-17 16:36:49,996 INFO: weblab aquarium startup [in /home/gabi/Web programing/Flask/aquarium/app/__init__.py:27]
2015-05-17 16:37:00,865 INFO: weblab aquarium startup [in /home/gabi/Web programing/Flask/aquarium/app/__init__.py:27]
2015-05-17 16:37:04,399 INFO: weblab aquarium startup [in /home/gabi/Web programing/Flask/aquarium/app/__init__.py:27]
2015-05-17 16:37:43,444 INFO: weblab aquarium startup [in /home/gabi/Web programing/Flask/aquarium/app/__init__.py:27]
2015-05-17 17:36:20,536 INFO: weblab aquarium startup [in /home/gabi/Web programing/Flask/aquarium/app/__init__.py:27]
2015-05-17 17:38:52,263 INFO: weblab aquarium startup [in /home/gabi/Web programing/Flask/aquarium/app/__init__.py:27]
2015-05-17 17:39:21,749 INFO: weblab aquarium startup [in /home/gabi/Web programing/Flask/aquarium/app/__init__.py:27]
2015-05-17 17:39:51,277 INFO: weblab aquarium startup [in /home/gabi/Web programing/Flask/aquarium/app/__init__.py:27]
2015-05-17 17:40:07,686 INFO: weblab aquarium startup [in /home/gabi/Web programing/Flask/aquarium/app/__init__.py:27]
2015-05-17 17:40:26,092 INFO: weblab aquarium startup [in /home/gabi/Web programing/Flask/aquarium/app/__init__.py:27]
2015-05-17 17:41:22,809 INFO: weblab aquarium startup [in /home/gabi/Web programing/Flask/aquarium/app/__init__.py:27]
2015-05-17 17:41:24,060 INFO: weblab aquarium startup [in /home/gabi/Web programing/Flask/aquarium/app/__init__.py:27]
2015-05-17 17:41:25,307 INFO: weblab aquarium startup [in /home/gabi/Web programing/Flask/aquarium/app/__init__.py:27]
2015-05-17 17:41:26,556 INFO: weblab aquarium startup [in /home/gabi/Web programing/Flask/aquarium/app/__init__.py:27]
2015-05-17 17:42:01,109 INFO: weblab aquarium startup [in /home/gabi/Web programing/Flask/aquarium/app/__init__.py:27]
2015-05-17 17:49:22,264 INFO: weblab aquarium startup [in /home/gabi/Web programing/Flask/aquarium/app/__init__.py:27]
2015-05-17 17:50:07,084 INFO: weblab aquarium startup [in /home/gabi/Web programing/Flask/aquarium/app/__init__.py:27]
2015-05-17 17:50:07,297 INFO: weblab aquarium startup [in /home/gabi/Web programing/Flask/aquarium/app/__init__.py:27]
2015-05-17 18:43:50,978 INFO: weblab aquarium startup [in /home/gabi/Web programing/Flask/aquarium/app/__init__.py:27]
2015-05-17 18:43:51,191 INFO: weblab aquarium startup [in /home/gabi/Web programing/Flask/aquarium/app/__init__.py:27]
2015-05-18 09:13:08,732 INFO: weblab aquarium startup [in /home/gabi/Web programing/Flask/aquarium/app/__init__.py:27]
2015-05-18 09:13:21,148 INFO: weblab aquarium startup [in /home/gabi/Web programing/Flask/aquarium/app/__init__.py:27]
2015-05-18 09:13:21,401 INFO: weblab aquarium startup [in /home/gabi/Web programing/Flask/aquarium/app/__init__.py:27]
2015-05-17 21:07:02,321 INFO: weblab aquarium startup [in /opt/aquarium/app/__init__.py:27]
2015-05-17 21:07:12,207 INFO: weblab aquarium startup [in /opt/aquarium/app/__init__.py:27]
2015-05-18 12:38:17,454 INFO: weblab aquarium startup [in app/__init__.py:28]
2015-05-18 13:19:15,313 INFO: weblab aquarium startup [in /opt/aquarium/app/__init__.py:28]
2015-05-18 13:19:33,157 INFO: weblab aquarium startup [in /opt/aquarium/app/__init__.py:28]
2015-05-18 15:23:57,832 INFO: weblab aquarium startup [in app/__init__.py:28]
2015-05-18 15:26:16,063 INFO: weblab aquarium startup [in app/__init__.py:28]
2015-05-18 16:45:47,622 INFO: weblab aquarium startup [in app/__init__.py:28]
2015-05-18 16:48:12,936 INFO: weblab aquarium startup [in app/__init__.py:28]
2015-05-18 17:10:31,297 INFO: weblab aquarium startup [in app/__init__.py:28]
2015-05-18 17:49:07,364 INFO: weblab aquarium startup [in /opt/aquarium/app/__init__.py:28]
2015-05-21 12:17:34,187 INFO: weblab aquarium startup [in /opt/aquarium/app/__init__.py:28]
2015-05-21 12:21:07,638 INFO: weblab aquarium startup [in /opt/aquarium/app/__init__.py:28]
2015-05-21 12:25:48,768 INFO: weblab aquarium startup [in /opt/aquarium/app/__init__.py:28]
2015-05-21 12:28:26,323 INFO: weblab aquarium startup [in /opt/aquarium/app/__init__.py:28]
2015-05-21 12:31:07,222 INFO: weblab aquarium startup [in /opt/aquarium/app/__init__.py:28]
2015-05-21 12:31:18,029 ERROR: Exception on /home [GET] [in /usr/local/lib/python2.7/dist-packages/flask/app.py:1423]
Traceback (most recent call last):
  File "/usr/local/lib/python2.7/dist-packages/flask/app.py", line 1817, in wsgi_app
    response = self.full_dispatch_request()
  File "/usr/local/lib/python2.7/dist-packages/flask/app.py", line 1477, in full_dispatch_request
    rv = self.handle_user_exception(e)
  File "/usr/local/lib/python2.7/dist-packages/flask/app.py", line 1381, in handle_user_exception
    reraise(exc_type, exc_value, tb)
  File "/usr/local/lib/python2.7/dist-packages/flask/app.py", line 1475, in full_dispatch_request
    rv = self.dispatch_request()
  File "/usr/local/lib/python2.7/dist-packages/flask/app.py", line 1461, in dispatch_request
    return self.view_functions[rule.endpoint](**req.view_args)
  File "/usr/local/lib/python2.7/dist-packages/flask_login.py", line 757, in decorated_view
    return current_app.login_manager.unauthorized()
  File "/usr/local/lib/python2.7/dist-packages/flask_login.py", line 205, in unauthorized
    return redirect(login_url(self.login_view, request.url))
  File "/usr/local/lib/python2.7/dist-packages/flask_login.py", line 609, in login_url
    base = url_for(login_view)
  File "/usr/local/lib/python2.7/dist-packages/flask/helpers.py", line 312, in url_for
    return appctx.app.handle_url_build_error(error, endpoint, values)
  File "/usr/local/lib/python2.7/dist-packages/flask/app.py", line 1641, in handle_url_build_error
    reraise(exc_type, exc_value, tb)
  File "/usr/local/lib/python2.7/dist-packages/flask/helpers.py", line 305, in url_for
    force_external=external)
  File "/usr/local/lib/python2.7/dist-packages/werkzeug/routing.py", line 1678, in build
    raise BuildError(endpoint, values, method)
BuildError: ('login', {}, None)
2015-05-21 12:32:17,411 ERROR: Exception on /home [GET] [in /usr/local/lib/python2.7/dist-packages/flask/app.py:1423]
Traceback (most recent call last):
  File "/usr/local/lib/python2.7/dist-packages/flask/app.py", line 1817, in wsgi_app
    response = self.full_dispatch_request()
  File "/usr/local/lib/python2.7/dist-packages/flask/app.py", line 1477, in full_dispatch_request
    rv = self.handle_user_exception(e)
  File "/usr/local/lib/python2.7/dist-packages/flask/app.py", line 1381, in handle_user_exception
    reraise(exc_type, exc_value, tb)
  File "/usr/local/lib/python2.7/dist-packages/flask/app.py", line 1475, in full_dispatch_request
    rv = self.dispatch_request()
  File "/usr/local/lib/python2.7/dist-packages/flask/app.py", line 1461, in dispatch_request
    return self.view_functions[rule.endpoint](**req.view_args)
  File "/usr/local/lib/python2.7/dist-packages/flask_login.py", line 758, in decorated_view
    return func(*args, **kwargs)
  File "/opt/aquarium/app/views.py", line 32, in home
    user=g.user)
  File "/usr/local/lib/python2.7/dist-packages/flask/templating.py", line 128, in render_template
    context, ctx.app)
  File "/usr/local/lib/python2.7/dist-packages/flask/templating.py", line 110, in _render
    rv = template.render(context)
  File "/usr/local/lib/python2.7/dist-packages/jinja2/environment.py", line 969, in render
    return self.environment.handle_exception(exc_info, True)
  File "/usr/local/lib/python2.7/dist-packages/jinja2/environment.py", line 742, in handle_exception
    reraise(exc_type, exc_value, tb)
  File "/opt/aquarium/app/templates/base.html", line 9, in template
    <script type="text/javascript" src="{{ url_for('static', filename='/js/widgets.js' }}"></script>
TemplateSyntaxError: unexpected '}', expected ')'
2015-05-21 12:32:19,517 ERROR: Exception on /home [GET] [in /usr/local/lib/python2.7/dist-packages/flask/app.py:1423]
Traceback (most recent call last):
  File "/usr/local/lib/python2.7/dist-packages/flask/app.py", line 1817, in wsgi_app
    response = self.full_dispatch_request()
  File "/usr/local/lib/python2.7/dist-packages/flask/app.py", line 1477, in full_dispatch_request
    rv = self.handle_user_exception(e)
  File "/usr/local/lib/python2.7/dist-packages/flask/app.py", line 1381, in handle_user_exception
    reraise(exc_type, exc_value, tb)
  File "/usr/local/lib/python2.7/dist-packages/flask/app.py", line 1475, in full_dispatch_request
    rv = self.dispatch_request()
  File "/usr/local/lib/python2.7/dist-packages/flask/app.py", line 1461, in dispatch_request
    return self.view_functions[rule.endpoint](**req.view_args)
  File "/usr/local/lib/python2.7/dist-packages/flask_login.py", line 758, in decorated_view
    return func(*args, **kwargs)
  File "/opt/aquarium/app/views.py", line 32, in home
    user=g.user)
  File "/usr/local/lib/python2.7/dist-packages/flask/templating.py", line 128, in render_template
    context, ctx.app)
  File "/usr/local/lib/python2.7/dist-packages/flask/templating.py", line 110, in _render
    rv = template.render(context)
  File "/usr/local/lib/python2.7/dist-packages/jinja2/environment.py", line 969, in render
    return self.environment.handle_exception(exc_info, True)
  File "/usr/local/lib/python2.7/dist-packages/jinja2/environment.py", line 742, in handle_exception
    reraise(exc_type, exc_value, tb)
  File "/opt/aquarium/app/templates/base.html", line 9, in template
    <script type="text/javascript" src="{{ url_for('static', filename='/js/widgets.js' }}"></script>
TemplateSyntaxError: unexpected '}', expected ')'
2015-05-21 12:32:24,729 ERROR: Exception on /home [GET] [in /usr/local/lib/python2.7/dist-packages/flask/app.py:1423]
Traceback (most recent call last):
  File "/usr/local/lib/python2.7/dist-packages/flask/app.py", line 1817, in wsgi_app
    response = self.full_dispatch_request()
  File "/usr/local/lib/python2.7/dist-packages/flask/app.py", line 1477, in full_dispatch_request
    rv = self.handle_user_exception(e)
  File "/usr/local/lib/python2.7/dist-packages/flask/app.py", line 1381, in handle_user_exception
    reraise(exc_type, exc_value, tb)
  File "/usr/local/lib/python2.7/dist-packages/flask/app.py", line 1475, in full_dispatch_request
    rv = self.dispatch_request()
  File "/usr/local/lib/python2.7/dist-packages/flask/app.py", line 1461, in dispatch_request
    return self.view_functions[rule.endpoint](**req.view_args)
  File "/usr/local/lib/python2.7/dist-packages/flask_login.py", line 758, in decorated_view
    return func(*args, **kwargs)
  File "/opt/aquarium/app/views.py", line 32, in home
    user=g.user)
  File "/usr/local/lib/python2.7/dist-packages/flask/templating.py", line 128, in render_template
    context, ctx.app)
  File "/usr/local/lib/python2.7/dist-packages/flask/templating.py", line 110, in _render
    rv = template.render(context)
  File "/usr/local/lib/python2.7/dist-packages/jinja2/environment.py", line 969, in render
    return self.environment.handle_exception(exc_info, True)
  File "/usr/local/lib/python2.7/dist-packages/jinja2/environment.py", line 742, in handle_exception
    reraise(exc_type, exc_value, tb)
  File "/opt/aquarium/app/templates/base.html", line 9, in template
    <script type="text/javascript" src="{{ url_for('static', filename='/js/widgets.js' }}"></script>
TemplateSyntaxError: unexpected '}', expected ')'
2015-05-21 12:32:27,480 ERROR: Exception on /chat [GET] [in /usr/local/lib/python2.7/dist-packages/flask/app.py:1423]
Traceback (most recent call last):
  File "/usr/local/lib/python2.7/dist-packages/flask/app.py", line 1817, in wsgi_app
    response = self.full_dispatch_request()
  File "/usr/local/lib/python2.7/dist-packages/flask/app.py", line 1477, in full_dispatch_request
    rv = self.handle_user_exception(e)
  File "/usr/local/lib/python2.7/dist-packages/flask/app.py", line 1381, in handle_user_exception
    reraise(exc_type, exc_value, tb)
  File "/usr/local/lib/python2.7/dist-packages/flask/app.py", line 1475, in full_dispatch_request
    rv = self.dispatch_request()
  File "/usr/local/lib/python2.7/dist-packages/flask/app.py", line 1461, in dispatch_request
    return self.view_functions[rule.endpoint](**req.view_args)
  File "/usr/local/lib/python2.7/dist-packages/flask_login.py", line 758, in decorated_view
    return func(*args, **kwargs)
  File "/opt/aquarium/app/views.py", line 84, in chat
    return render_template('chat.html', form=form, posts=posts, onlineUsers=onlineUsers)
  File "/usr/local/lib/python2.7/dist-packages/flask/templating.py", line 128, in render_template
    context, ctx.app)
  File "/usr/local/lib/python2.7/dist-packages/flask/templating.py", line 110, in _render
    rv = template.render(context)
  File "/usr/local/lib/python2.7/dist-packages/jinja2/environment.py", line 969, in render
    return self.environment.handle_exception(exc_info, True)
  File "/usr/local/lib/python2.7/dist-packages/jinja2/environment.py", line 742, in handle_exception
    reraise(exc_type, exc_value, tb)
  File "/opt/aquarium/app/templates/base.html", line 9, in template
    <script type="text/javascript" src="{{ url_for('static', filename='/js/widgets.js' }}"></script>
TemplateSyntaxError: unexpected '}', expected ')'
2015-05-21 12:32:30,052 ERROR: Exception on /home [GET] [in /usr/local/lib/python2.7/dist-packages/flask/app.py:1423]
Traceback (most recent call last):
  File "/usr/local/lib/python2.7/dist-packages/flask/app.py", line 1817, in wsgi_app
    response = self.full_dispatch_request()
  File "/usr/local/lib/python2.7/dist-packages/flask/app.py", line 1477, in full_dispatch_request
    rv = self.handle_user_exception(e)
  File "/usr/local/lib/python2.7/dist-packages/flask/app.py", line 1381, in handle_user_exception
    reraise(exc_type, exc_value, tb)
  File "/usr/local/lib/python2.7/dist-packages/flask/app.py", line 1475, in full_dispatch_request
    rv = self.dispatch_request()
  File "/usr/local/lib/python2.7/dist-packages/flask/app.py", line 1461, in dispatch_request
    return self.view_functions[rule.endpoint](**req.view_args)
  File "/usr/local/lib/python2.7/dist-packages/flask_login.py", line 758, in decorated_view
    return func(*args, **kwargs)
  File "/opt/aquarium/app/views.py", line 32, in home
    user=g.user)
  File "/usr/local/lib/python2.7/dist-packages/flask/templating.py", line 128, in render_template
    context, ctx.app)
  File "/usr/local/lib/python2.7/dist-packages/flask/templating.py", line 110, in _render
    rv = template.render(context)
  File "/usr/local/lib/python2.7/dist-packages/jinja2/environment.py", line 969, in render
    return self.environment.handle_exception(exc_info, True)
  File "/usr/local/lib/python2.7/dist-packages/jinja2/environment.py", line 742, in handle_exception
    reraise(exc_type, exc_value, tb)
  File "/opt/aquarium/app/templates/base.html", line 9, in template
    <script type="text/javascript" src="{{ url_for('static', filename='/js/widgets.js' }}"></script>
TemplateSyntaxError: unexpected '}', expected ')'
2015-05-21 12:33:20,235 ERROR: Exception on /home [GET] [in /usr/local/lib/python2.7/dist-packages/flask/app.py:1423]
Traceback (most recent call last):
  File "/usr/local/lib/python2.7/dist-packages/flask/app.py", line 1817, in wsgi_app
    response = self.full_dispatch_request()
  File "/usr/local/lib/python2.7/dist-packages/flask/app.py", line 1477, in full_dispatch_request
    rv = self.handle_user_exception(e)
  File "/usr/local/lib/python2.7/dist-packages/flask/app.py", line 1381, in handle_user_exception
    reraise(exc_type, exc_value, tb)
  File "/usr/local/lib/python2.7/dist-packages/flask/app.py", line 1475, in full_dispatch_request
    rv = self.dispatch_request()
  File "/usr/local/lib/python2.7/dist-packages/flask/app.py", line 1461, in dispatch_request
    return self.view_functions[rule.endpoint](**req.view_args)
  File "/usr/local/lib/python2.7/dist-packages/flask_login.py", line 758, in decorated_view
    return func(*args, **kwargs)
  File "/opt/aquarium/app/views.py", line 32, in home
    user=g.user)
  File "/usr/local/lib/python2.7/dist-packages/flask/templating.py", line 128, in render_template
    context, ctx.app)
  File "/usr/local/lib/python2.7/dist-packages/flask/templating.py", line 110, in _render
    rv = template.render(context)
  File "/usr/local/lib/python2.7/dist-packages/jinja2/environment.py", line 969, in render
    return self.environment.handle_exception(exc_info, True)
  File "/usr/local/lib/python2.7/dist-packages/jinja2/environment.py", line 742, in handle_exception
    reraise(exc_type, exc_value, tb)
  File "/opt/aquarium/app/templates/index.html", line 1, in top-level template code
    {% extends "base.html" %}
  File "/usr/local/lib/python2.7/dist-packages/flask/templating.py", line 64, in get_source
    raise TemplateNotFound(template)
TemplateNotFound: base.html
2015-05-21 12:37:29,051 INFO: weblab aquarium startup [in /opt/aquarium/app/__init__.py:28]
